2024-08-02 19:31:25,421 - root - INFO - Epoch 0; loss: 47.422088623046875; CER: 0.968000054359436; WER: 1.0; val_loss: 48.75270080566406; val_CER: 1.0; val_WER: 1.0
2024-08-02 19:31:26,523 - root - INFO - Epoch 1; loss: 42.77708435058594; CER: 0.984000027179718; WER: 1.0; val_loss: 44.38481903076172; val_CER: 0.9333333373069763; val_WER: 1.0
2024-08-02 19:31:27,576 - root - INFO - Epoch 2; loss: 34.356170654296875; CER: 0.9119999408721924; WER: 1.0; val_loss: 40.46242141723633; val_CER: 0.8666666150093079; val_WER: 1.0
2024-08-02 19:31:28,262 - root - INFO - Epoch 3; loss: 26.963102340698242; CER: 0.8239999413490295; WER: 1.0; val_loss: 38.062068939208984; val_CER: 0.9333333373069763; val_WER: 1.0
2024-08-02 19:31:28,905 - root - INFO - Epoch 4; loss: 23.7303466796875; CER: 0.8480000495910645; WER: 1.0; val_loss: 35.1483039855957; val_CER: 0.9333333373069763; val_WER: 1.0
2024-08-02 19:31:29,547 - root - INFO - Epoch 5; loss: 19.903608322143555; CER: 0.7919999957084656; WER: 1.0; val_loss: 31.62301254272461; val_CER: 0.9333333373069763; val_WER: 1.0
2024-08-02 19:31:30,180 - root - INFO - Epoch 6; loss: 18.373371124267578; CER: 0.7759999632835388; WER: 1.0; val_loss: 29.297964096069336; val_CER: 1.1333333253860474; val_WER: 1.0
2024-08-02 19:31:30,948 - root - INFO - Epoch 7; loss: 16.621479034423828; CER: 0.7759999632835388; WER: 1.0; val_loss: 26.88778305053711; val_CER: 1.3333333730697632; val_WER: 1.0
2024-08-02 19:31:31,562 - root - INFO - Epoch 8; loss: 15.636571884155273; CER: 0.7680000066757202; WER: 1.0; val_loss: 23.70115089416504; val_CER: 1.1333333253860474; val_WER: 1.0
2024-08-02 19:31:32,209 - root - INFO - Epoch 9; loss: 14.056214332580566; CER: 0.7919999957084656; WER: 1.0; val_loss: 20.286083221435547; val_CER: 1.0666667222976685; val_WER: 1.0
2024-08-02 19:31:32,869 - root - INFO - Epoch 10; loss: 13.599770545959473; CER: 0.775999903678894; WER: 1.0; val_loss: 17.67222023010254; val_CER: 0.8666666150093079; val_WER: 1.0
2024-08-02 19:31:33,490 - root - INFO - Epoch 11; loss: 13.045204162597656; CER: 0.8239999413490295; WER: 1.0; val_loss: 16.416467666625977; val_CER: 0.9333333373069763; val_WER: 1.0
2024-08-02 19:31:34,157 - root - INFO - Epoch 12; loss: 12.736732482910156; CER: 0.8640000224113464; WER: 1.0; val_loss: 16.050939559936523; val_CER: 0.9333333373069763; val_WER: 1.0
2024-08-02 19:31:34,844 - root - INFO - Epoch 13; loss: 12.0712308883667; CER: 0.871999979019165; WER: 1.0; val_loss: 15.957271575927734; val_CER: 0.9333333373069763; val_WER: 1.0
2024-08-02 19:31:35,529 - root - INFO - Epoch 14; loss: 12.880260467529297; CER: 0.9200000166893005; WER: 1.0; val_loss: 15.88705825805664; val_CER: 0.9333333373069763; val_WER: 1.0
2024-08-02 19:31:36,174 - root - INFO - Epoch 15; loss: 12.005635261535645; CER: 0.8480000495910645; WER: 1.0; val_loss: 15.74113941192627; val_CER: 1.0; val_WER: 1.0
2024-08-02 19:31:36,812 - root - INFO - Epoch 16; loss: 11.66724681854248; CER: 0.8639999628067017; WER: 1.0; val_loss: 15.650619506835938; val_CER: 1.0; val_WER: 1.0
2024-08-02 19:31:37,461 - root - INFO - Epoch 17; loss: 11.767943382263184; CER: 0.903999924659729; WER: 1.0; val_loss: 15.627678871154785; val_CER: 1.0; val_WER: 1.0
2024-08-02 19:31:38,169 - root - INFO - Epoch 18; loss: 11.489925384521484; CER: 0.8639999628067017; WER: 1.0; val_loss: 15.588350296020508; val_CER: 1.0; val_WER: 1.0
2024-08-02 19:31:38,842 - root - INFO - Epoch 19; loss: 10.618322372436523; CER: 0.7919999957084656; WER: 1.0; val_loss: 15.609973907470703; val_CER: 1.0; val_WER: 1.0
2024-08-02 19:31:39,538 - root - INFO - Epoch 20; loss: 10.54111099243164; CER: 0.7599999904632568; WER: 1.0; val_loss: 15.64887523651123; val_CER: 0.9333333373069763; val_WER: 1.0
2024-08-02 19:31:40,172 - root - INFO - Epoch 21; loss: 10.773055076599121; CER: 0.784000039100647; WER: 1.0; val_loss: 15.683353424072266; val_CER: 0.9333333373069763; val_WER: 1.0
2024-08-02 19:31:40,833 - root - INFO - Epoch 22; loss: 10.663585662841797; CER: 0.7440000176429749; WER: 1.0; val_loss: 15.75920295715332; val_CER: 0.8666666150093079; val_WER: 1.0
2024-08-02 19:31:41,489 - root - INFO - Epoch 23; loss: 10.534274101257324; CER: 0.7920000553131104; WER: 1.0; val_loss: 15.82380199432373; val_CER: 0.8666666150093079; val_WER: 1.0
2024-08-02 19:31:42,178 - root - INFO - Epoch 24; loss: 10.430917739868164; CER: 0.7279999256134033; WER: 1.0; val_loss: 15.941116333007812; val_CER: 0.8666666150093079; val_WER: 1.0
2024-08-02 19:31:43,412 - root - INFO - Epoch 25; loss: 9.945807456970215; CER: 0.671999990940094; WER: 1.0; val_loss: 16.078603744506836; val_CER: 0.800000011920929; val_WER: 1.0
2024-08-02 19:31:44,199 - root - INFO - Epoch 26; loss: 10.377999305725098; CER: 0.7280000448226929; WER: 1.0; val_loss: 16.29308319091797; val_CER: 0.800000011920929; val_WER: 1.0
2024-08-02 19:31:44,884 - root - INFO - Epoch 27; loss: 10.280597686767578; CER: 0.7120000720024109; WER: 0.9599999785423279; val_loss: 16.439624786376953; val_CER: 0.800000011920929; val_WER: 1.0
2024-08-02 19:31:45,615 - root - INFO - Epoch 28; loss: 9.649431228637695; CER: 0.6800000071525574; WER: 0.9599999785423279; val_loss: 16.52894401550293; val_CER: 0.800000011920929; val_WER: 1.0
2024-08-02 19:31:46,306 - root - INFO - Epoch 29; loss: 9.268858909606934; CER: 0.6800000071525574; WER: 1.0; val_loss: 16.61542510986328; val_CER: 0.800000011920929; val_WER: 1.0
2024-08-02 19:31:46,972 - root - INFO - Epoch 30; loss: 9.483894348144531; CER: 0.6640000343322754; WER: 0.9599999785423279; val_loss: 16.640892028808594; val_CER: 0.8666666150093079; val_WER: 1.0
2024-08-02 19:31:47,668 - root - INFO - Epoch 31; loss: 9.519416809082031; CER: 0.7039999961853027; WER: 1.0; val_loss: 16.627098083496094; val_CER: 0.8666666150093079; val_WER: 1.0
2024-08-02 19:31:48,494 - root - INFO - Epoch 32; loss: 9.255708694458008; CER: 0.6559999585151672; WER: 0.9599999785423279; val_loss: 16.57404327392578; val_CER: 0.8666666150093079; val_WER: 1.0
2024-08-02 19:31:49,199 - root - INFO - Epoch 33; loss: 9.027789115905762; CER: 0.6559999585151672; WER: 1.0; val_loss: 16.496898651123047; val_CER: 0.800000011920929; val_WER: 1.0
2024-08-02 19:31:50,103 - root - INFO - Epoch 34; loss: 8.892143249511719; CER: 0.5920000076293945; WER: 1.0; val_loss: 16.424903869628906; val_CER: 0.800000011920929; val_WER: 1.0
2024-08-02 19:31:50,808 - root - INFO - Epoch 35; loss: 8.415116310119629; CER: 0.6320000290870667; WER: 1.0; val_loss: 16.33809471130371; val_CER: 0.800000011920929; val_WER: 1.0
2024-08-02 19:31:51,432 - root - INFO - Epoch 36; loss: 8.624762535095215; CER: 0.5759999752044678; WER: 0.9599999785423279; val_loss: 16.221059799194336; val_CER: 0.8666666150093079; val_WER: 1.0
2024-08-02 19:31:52,156 - root - INFO - Epoch 37; loss: 8.467022895812988; CER: 0.5920000672340393; WER: 1.0; val_loss: 16.072420120239258; val_CER: 0.8666666150093079; val_WER: 1.0
2024-08-02 19:31:52,864 - root - INFO - Epoch 38; loss: 8.189315795898438; CER: 0.5839999914169312; WER: 1.0; val_loss: 15.892741203308105; val_CER: 0.8666666150093079; val_WER: 1.0
2024-08-02 19:31:54,287 - root - INFO - Epoch 39; loss: 7.959386825561523; CER: 0.6080000400543213; WER: 1.0; val_loss: 15.62977409362793; val_CER: 0.7333333492279053; val_WER: 1.0
2024-08-02 19:31:54,898 - root - INFO - Epoch 40; loss: 8.283185958862305; CER: 0.6240000128746033; WER: 0.9599999785423279; val_loss: 15.32581615447998; val_CER: 0.7333333492279053; val_WER: 1.0
2024-08-02 19:31:55,602 - root - INFO - Epoch 41; loss: 7.8533244132995605; CER: 0.5360000133514404; WER: 0.9599999785423279; val_loss: 15.026382446289062; val_CER: 0.7333333492279053; val_WER: 1.0
2024-08-02 19:31:56,293 - root - INFO - Epoch 42; loss: 8.383949279785156; CER: 0.5759999752044678; WER: 1.0; val_loss: 14.82070541381836; val_CER: 0.7333333492279053; val_WER: 1.0
2024-08-02 19:31:56,969 - root - INFO - Epoch 43; loss: 7.698137283325195; CER: 0.5519999861717224; WER: 0.9599999785423279; val_loss: 14.65140151977539; val_CER: 0.7333333492279053; val_WER: 1.0
2024-08-02 19:31:57,630 - root - INFO - Epoch 44; loss: 7.589503288269043; CER: 0.5120000243186951; WER: 0.9599999785423279; val_loss: 14.59286117553711; val_CER: 0.7333333492279053; val_WER: 1.0
2024-08-02 19:31:58,610 - root - INFO - Epoch 45; loss: 7.558626651763916; CER: 0.46400001645088196; WER: 0.9599999785423279; val_loss: 14.505489349365234; val_CER: 0.6666666865348816; val_WER: 1.0
2024-08-02 19:31:59,375 - root - INFO - Epoch 46; loss: 7.077735900878906; CER: 0.47999998927116394; WER: 0.9599999785423279; val_loss: 14.481586456298828; val_CER: 0.6666666865348816; val_WER: 1.0
2024-08-02 19:32:00,471 - root - INFO - Epoch 47; loss: 7.34835958480835; CER: 0.5120000243186951; WER: 0.9599999785423279; val_loss: 14.444376945495605; val_CER: 0.6000000238418579; val_WER: 1.0
2024-08-02 19:32:01,534 - root - INFO - Epoch 48; loss: 7.661673545837402; CER: 0.46400001645088196; WER: 1.0; val_loss: 14.429149627685547; val_CER: 0.5333333611488342; val_WER: 1.0
2024-08-02 19:32:02,182 - root - INFO - Epoch 49; loss: 7.580509185791016; CER: 0.5360000729560852; WER: 0.9599999785423279; val_loss: 14.393003463745117; val_CER: 0.5333333611488342; val_WER: 1.0
2024-08-02 19:32:02,821 - root - INFO - Epoch 50; loss: 7.363949298858643; CER: 0.45600003004074097; WER: 1.0; val_loss: 14.377689361572266; val_CER: 0.5333333611488342; val_WER: 1.0
2024-08-02 19:32:03,466 - root - INFO - Epoch 51; loss: 6.691986560821533; CER: 0.4880000352859497; WER: 0.9599999785423279; val_loss: 14.328166961669922; val_CER: 0.5333333611488342; val_WER: 1.0
2024-08-02 19:32:04,119 - root - INFO - Epoch 52; loss: 6.867120265960693; CER: 0.4960000216960907; WER: 0.9599999785423279; val_loss: 14.223381996154785; val_CER: 0.5333333611488342; val_WER: 1.0
2024-08-02 19:32:04,796 - root - INFO - Epoch 53; loss: 6.802182674407959; CER: 0.5039999485015869; WER: 0.9599999785423279; val_loss: 14.095338821411133; val_CER: 0.5333333611488342; val_WER: 1.0
2024-08-02 19:32:05,413 - root - INFO - Epoch 54; loss: 6.212172031402588; CER: 0.4399999976158142; WER: 0.9200000166893005; val_loss: 13.943461418151855; val_CER: 0.5333333611488342; val_WER: 1.0
2024-08-02 19:32:06,119 - root - INFO - Epoch 55; loss: 7.071473598480225; CER: 0.5199999809265137; WER: 1.0; val_loss: 13.840264320373535; val_CER: 0.5333333611488342; val_WER: 1.0
2024-08-02 19:32:07,172 - root - INFO - Epoch 56; loss: 6.526754856109619; CER: 0.40799999237060547; WER: 0.9200000166893005; val_loss: 13.737272262573242; val_CER: 0.46666669845581055; val_WER: 1.0
2024-08-02 19:32:07,809 - root - INFO - Epoch 57; loss: 6.489842891693115; CER: 0.47999998927116394; WER: 0.9599999785423279; val_loss: 13.628596305847168; val_CER: 0.46666669845581055; val_WER: 1.0
2024-08-02 19:32:08,480 - root - INFO - Epoch 58; loss: 6.82562255859375; CER: 0.4959999918937683; WER: 0.9599999785423279; val_loss: 13.516149520874023; val_CER: 0.46666669845581055; val_WER: 1.0
2024-08-02 19:32:09,577 - root - INFO - Epoch 59; loss: 6.325897216796875; CER: 0.4240000247955322; WER: 0.9599999785423279; val_loss: 13.460942268371582; val_CER: 0.46666666865348816; val_WER: 1.0
2024-08-02 19:32:10,174 - root - INFO - Epoch 60; loss: 5.886709213256836; CER: 0.4320000112056732; WER: 0.9200000166893005; val_loss: 13.375272750854492; val_CER: 0.46666669845581055; val_WER: 1.0
2024-08-02 19:32:10,891 - root - INFO - Epoch 61; loss: 5.7496747970581055; CER: 0.41599997878074646; WER: 0.9200000166893005; val_loss: 13.284113883972168; val_CER: 0.46666669845581055; val_WER: 1.0
2024-08-02 19:32:11,593 - root - INFO - Epoch 62; loss: 6.334685802459717; CER: 0.40799999237060547; WER: 0.9599999785423279; val_loss: 13.196637153625488; val_CER: 0.46666669845581055; val_WER: 1.0
2024-08-02 19:32:12,189 - root - INFO - Epoch 63; loss: 5.776503086090088; CER: 0.3680000305175781; WER: 0.9200000166893005; val_loss: 13.152647018432617; val_CER: 0.46666669845581055; val_WER: 1.0
2024-08-02 19:32:12,836 - root - INFO - Epoch 64; loss: 6.111543655395508; CER: 0.43199998140335083; WER: 0.9200000166893005; val_loss: 13.116418838500977; val_CER: 0.46666669845581055; val_WER: 1.0
2024-08-02 19:32:13,515 - root - INFO - Epoch 65; loss: 6.71008825302124; CER: 0.45600003004074097; WER: 1.0; val_loss: 13.037691116333008; val_CER: 0.46666669845581055; val_WER: 1.0
2024-08-02 19:32:14,223 - root - INFO - Epoch 66; loss: 5.5354766845703125; CER: 0.37599998712539673; WER: 0.8799999952316284; val_loss: 12.969191551208496; val_CER: 0.46666669845581055; val_WER: 1.0
2024-08-02 19:32:14,889 - root - INFO - Epoch 67; loss: 5.6610260009765625; CER: 0.4000000059604645; WER: 0.8799999952316284; val_loss: 12.946903228759766; val_CER: 0.46666669845581055; val_WER: 1.0
2024-08-02 19:32:15,544 - root - INFO - Epoch 68; loss: 6.127480506896973; CER: 0.3920000195503235; WER: 0.8799999952316284; val_loss: 12.891013145446777; val_CER: 0.46666669845581055; val_WER: 1.0
2024-08-02 19:32:16,205 - root - INFO - Epoch 69; loss: 5.863225936889648; CER: 0.4480000436306; WER: 1.0; val_loss: 12.781593322753906; val_CER: 0.46666669845581055; val_WER: 1.0
2024-08-02 19:32:16,846 - root - INFO - Epoch 70; loss: 5.095808982849121; CER: 0.35199999809265137; WER: 0.8399999737739563; val_loss: 12.683748245239258; val_CER: 0.46666669845581055; val_WER: 1.0
2024-08-02 19:32:17,484 - root - INFO - Epoch 71; loss: 4.9737348556518555; CER: 0.36800000071525574; WER: 0.8799999952316284; val_loss: 12.604158401489258; val_CER: 0.46666666865348816; val_WER: 1.0
2024-08-02 19:32:18,121 - root - INFO - Epoch 72; loss: 5.039116382598877; CER: 0.3279999792575836; WER: 0.8399999737739563; val_loss: 12.55841064453125; val_CER: 0.46666666865348816; val_WER: 1.0
2024-08-02 19:32:18,817 - root - INFO - Epoch 73; loss: 5.035001277923584; CER: 0.37599998712539673; WER: 0.800000011920929; val_loss: 12.558711051940918; val_CER: 0.46666666865348816; val_WER: 1.0
2024-08-02 19:32:19,484 - root - INFO - Epoch 74; loss: 5.252892017364502; CER: 0.4000000059604645; WER: 0.9599999785423279; val_loss: 12.594844818115234; val_CER: 0.46666669845581055; val_WER: 1.0
2024-08-02 19:32:20,188 - root - INFO - Epoch 75; loss: 5.183635711669922; CER: 0.36000001430511475; WER: 0.8399999737739563; val_loss: 12.616193771362305; val_CER: 0.46666669845581055; val_WER: 1.0
2024-08-02 19:32:20,839 - root - INFO - Epoch 76; loss: 5.07613468170166; CER: 0.31200000643730164; WER: 0.8799999952316284; val_loss: 12.638872146606445; val_CER: 0.46666669845581055; val_WER: 1.0
2024-08-02 19:32:21,475 - root - INFO - Epoch 77; loss: 4.965764999389648; CER: 0.36800000071525574; WER: 0.8399999737739563; val_loss: 12.645875930786133; val_CER: 0.46666669845581055; val_WER: 1.0
2024-08-02 19:32:22,176 - root - INFO - Epoch 78; loss: 4.411993026733398; CER: 0.29600000381469727; WER: 0.8799999952316284; val_loss: 12.64639663696289; val_CER: 0.5333333611488342; val_WER: 1.0
2024-08-02 19:32:22,807 - root - INFO - Epoch 79; loss: 4.650781631469727; CER: 0.3199999928474426; WER: 0.7599999904632568; val_loss: 12.633631706237793; val_CER: 0.5333333611488342; val_WER: 1.0
2024-08-02 19:32:23,452 - root - INFO - Epoch 80; loss: 4.322890281677246; CER: 0.2880000174045563; WER: 0.7599999904632568; val_loss: 12.645028114318848; val_CER: 0.46666666865348816; val_WER: 1.0
2024-08-02 19:32:24,074 - root - INFO - Epoch 81; loss: 4.79094123840332; CER: 0.343999981880188; WER: 0.8799999952316284; val_loss: 12.71967887878418; val_CER: 0.46666669845581055; val_WER: 1.0
2024-08-02 19:32:24,770 - root - INFO - Epoch 82; loss: 3.9987316131591797; CER: 0.24799999594688416; WER: 0.7200000286102295; val_loss: 12.81114673614502; val_CER: 0.46666669845581055; val_WER: 1.0
2024-08-02 19:32:25,475 - root - INFO - Epoch 83; loss: 4.286807060241699; CER: 0.31200000643730164; WER: 0.7599999904632568; val_loss: 12.88492488861084; val_CER: 0.46666669845581055; val_WER: 1.0
2024-08-02 19:32:26,170 - root - INFO - Epoch 84; loss: 4.304081439971924; CER: 0.2879999876022339; WER: 0.9200000166893005; val_loss: 13.027085304260254; val_CER: 0.5999999642372131; val_WER: 1.0
2024-08-02 19:32:26,821 - root - INFO - Epoch 85; loss: 3.9029581546783447; CER: 0.23999999463558197; WER: 0.7200000286102295; val_loss: 13.190340042114258; val_CER: 0.5333333611488342; val_WER: 1.0
2024-08-02 19:32:27,478 - root - INFO - Epoch 86; loss: 4.587338447570801; CER: 0.35199999809265137; WER: 0.800000011920929; val_loss: 13.392210960388184; val_CER: 0.5333333611488342; val_WER: 1.0
2024-08-02 19:32:28,151 - root - INFO - Epoch 87; loss: 3.925530433654785; CER: 0.2800000011920929; WER: 0.800000011920929; val_loss: 13.583903312683105; val_CER: 0.5333333611488342; val_WER: 1.0
2024-08-02 19:32:28,821 - root - INFO - Epoch 88; loss: 4.147216796875; CER: 0.3199999928474426; WER: 0.7599999904632568; val_loss: 13.680496215820312; val_CER: 0.6000000238418579; val_WER: 1.0
2024-08-02 19:32:29,448 - root - INFO - Epoch 89; loss: 4.035459041595459; CER: 0.2719999849796295; WER: 0.7599999904632568; val_loss: 13.68191909790039; val_CER: 0.6000000238418579; val_WER: 1.0
2024-08-02 19:32:30,109 - root - INFO - Epoch 90; loss: 3.5913026332855225; CER: 0.25600001215934753; WER: 0.800000011920929; val_loss: 13.658832550048828; val_CER: 0.5333333611488342; val_WER: 1.0
2024-08-02 19:32:30,761 - root - INFO - Epoch 91; loss: 3.6980538368225098; CER: 0.30400002002716064; WER: 0.7599999904632568; val_loss: 13.575568199157715; val_CER: 0.5333333611488342; val_WER: 1.0
2024-08-02 19:32:31,439 - root - INFO - Epoch 92; loss: 3.4898366928100586; CER: 0.24000002443790436; WER: 0.7200000286102295; val_loss: 13.531037330627441; val_CER: 0.5333333611488342; val_WER: 1.0
2024-08-02 19:32:32,101 - root - INFO - Epoch 93; loss: 3.951277732849121; CER: 0.2800000011920929; WER: 0.6399999856948853; val_loss: 13.475074768066406; val_CER: 0.5333333611488342; val_WER: 1.0
2024-08-02 19:32:32,783 - root - INFO - Epoch 94; loss: 3.88210391998291; CER: 0.21599999070167542; WER: 0.6800000071525574; val_loss: 13.429994583129883; val_CER: 0.5333333611488342; val_WER: 1.0
2024-08-02 19:32:33,455 - root - INFO - Epoch 95; loss: 3.5340418815612793; CER: 0.25600001215934753; WER: 0.7599999904632568; val_loss: 13.460957527160645; val_CER: 0.5333333611488342; val_WER: 1.0
2024-08-02 19:32:34,118 - root - INFO - Epoch 96; loss: 3.559220790863037; CER: 0.25600001215934753; WER: 0.6800000071525574; val_loss: 13.440532684326172; val_CER: 0.5333333611488342; val_WER: 1.0
2024-08-02 19:32:34,804 - root - INFO - Epoch 97; loss: 3.746366500854492; CER: 0.2240000218153; WER: 0.7200000286102295; val_loss: 13.331965446472168; val_CER: 0.5333333611488342; val_WER: 1.0
2024-08-02 19:32:35,422 - root - INFO - Epoch 98; loss: 3.324012517929077; CER: 0.24800001084804535; WER: 0.6399999856948853; val_loss: 13.118178367614746; val_CER: 0.5333333611488342; val_WER: 1.0
2024-08-02 19:32:36,098 - root - INFO - Epoch 99; loss: 3.649038314819336; CER: 0.2800000011920929; WER: 0.7200000286102295; val_loss: 12.959649085998535; val_CER: 0.5333333611488342; val_WER: 1.0
2024-08-02 19:32:36,775 - root - INFO - Epoch 100; loss: 3.1091911792755127; CER: 0.20000000298023224; WER: 0.6399999856948853; val_loss: 12.755815505981445; val_CER: 0.5333333611488342; val_WER: 1.0
2024-08-02 19:32:37,442 - root - INFO - Epoch 101; loss: 3.6963932514190674; CER: 0.24799999594688416; WER: 0.7599999904632568; val_loss: 12.573177337646484; val_CER: 0.5333333611488342; val_WER: 1.0
2024-08-02 19:32:38,120 - root - INFO - Epoch 102; loss: 3.4969780445098877; CER: 0.2639999985694885; WER: 0.7599999904632568; val_loss: 12.468128204345703; val_CER: 0.46666669845581055; val_WER: 1.0
2024-08-02 19:32:38,822 - root - INFO - Epoch 103; loss: 2.807042360305786; CER: 0.1679999977350235; WER: 0.6800000071525574; val_loss: 12.456991195678711; val_CER: 0.46666666865348816; val_WER: 1.0
2024-08-02 19:32:39,469 - root - INFO - Epoch 104; loss: 3.2115705013275146; CER: 0.24799999594688416; WER: 0.7599999904632568; val_loss: 12.307939529418945; val_CER: 0.46666669845581055; val_WER: 1.0
2024-08-02 19:32:40,075 - root - INFO - Epoch 105; loss: 2.949397325515747; CER: 0.20000000298023224; WER: 0.6399999856948853; val_loss: 12.11865234375; val_CER: 0.46666669845581055; val_WER: 1.0
2024-08-02 19:32:40,735 - root - INFO - Epoch 106; loss: 3.020756721496582; CER: 0.20000000298023224; WER: 0.5600000023841858; val_loss: 11.975438117980957; val_CER: 0.46666669845581055; val_WER: 1.0
2024-08-02 19:32:41,413 - root - INFO - Epoch 107; loss: 2.7693142890930176; CER: 0.17599999904632568; WER: 0.7200000286102295; val_loss: 11.871912956237793; val_CER: 0.46666666865348816; val_WER: 1.0
2024-08-02 19:32:42,095 - root - INFO - Epoch 108; loss: 4.074613094329834; CER: 0.3199999928474426; WER: 0.800000011920929; val_loss: 11.777022361755371; val_CER: 0.46666669845581055; val_WER: 1.0
2024-08-02 19:32:42,709 - root - INFO - Epoch 109; loss: 2.51351261138916; CER: 0.14400000870227814; WER: 0.5600000023841858; val_loss: 11.650806427001953; val_CER: 0.46666669845581055; val_WER: 1.0
2024-08-02 19:32:44,104 - tf2onnx.tfonnx - INFO - Using tensorflow=2.10.1, onnx=1.12.0, tf2onnx=1.14.0/8f8d49
2024-08-02 19:32:44,105 - tf2onnx.tfonnx - INFO - Using opset <onnx, 15>
2024-08-02 19:32:44,221 - tf2onnx.tf_utils - INFO - Computed 0 values for constant folding
2024-08-02 19:32:44,224 - tf2onnx.tf_utils - INFO - Computed 0 values for constant folding
2024-08-02 19:32:44,227 - tf2onnx.tf_utils - INFO - Computed 0 values for constant folding
2024-08-02 19:32:44,234 - tf2onnx.tf_utils - INFO - Computed 0 values for constant folding
2024-08-02 19:32:44,281 - tf2onnx.tf_utils - INFO - Computed 2 values for constant folding
2024-08-02 19:32:44,355 - tf2onnx.tfonnx - INFO - folding node using tf type=StridedSlice, name=model/bidirectional/forward_lstm/PartitionedCall/strided_slice
2024-08-02 19:32:44,355 - tf2onnx.tfonnx - INFO - folding node using tf type=StridedSlice, name=model/bidirectional/backward_lstm/PartitionedCall/strided_slice
2024-08-02 19:32:44,519 - tf2onnx.optimizer - INFO - Optimizing ONNX model
2024-08-02 19:32:45,094 - tf2onnx.optimizer - INFO - After optimization: BatchNormalization -18 (18->0), Cast -4 (11->7), Concat -4 (10->6), Const -128 (194->66), Expand -3 (4->1), Gather +2 (2->4), Identity -2 (2->0), Shape -1 (4->3), Slice -1 (5->4), Squeeze -3 (5->2), Transpose -83 (87->4), Unsqueeze -14 (17->3)
