2024-08-07 15:31:59,976 - root - INFO - Epoch 0; loss: 25.759719848632812; CER: 0.5894653797149658; WER: 0.9937106966972351; val_loss: 18.52637481689453; val_CER: 0.6111111044883728; val_WER: 1.0
2024-08-07 15:32:05,560 - root - INFO - Epoch 1; loss: 13.45761775970459; CER: 0.5847484469413757; WER: 0.9905660152435303; val_loss: 14.34007453918457; val_CER: 0.7111111879348755; val_WER: 0.9722222089767456
2024-08-07 15:32:11,590 - root - INFO - Epoch 2; loss: 10.116056442260742; CER: 0.5764151811599731; WER: 0.9905660152435303; val_loss: 9.565896987915039; val_CER: 0.5222222805023193; val_WER: 0.9722222089767456
2024-08-07 15:32:17,530 - root - INFO - Epoch 3; loss: 7.816372394561768; CER: 0.492767333984375; WER: 0.9685534834861755; val_loss: 8.164225578308105; val_CER: 0.4333333373069763; val_WER: 0.9166666865348816
2024-08-07 15:32:23,417 - root - INFO - Epoch 4; loss: 6.348005294799805; CER: 0.40031448006629944; WER: 0.9245283007621765; val_loss: 5.518861770629883; val_CER: 0.3611111044883728; val_WER: 0.8888888955116272
2024-08-07 15:32:29,843 - root - INFO - Epoch 5; loss: 4.950845241546631; CER: 0.32295599579811096; WER: 0.8553459048271179; val_loss: 3.698946237564087; val_CER: 0.2666666805744171; val_WER: 0.8055555820465088
2024-08-07 15:32:36,532 - root - INFO - Epoch 6; loss: 4.212600231170654; CER: 0.28144654631614685; WER: 0.7830188870429993; val_loss: 3.281808376312256; val_CER: 0.27222222089767456; val_WER: 0.75
2024-08-07 15:32:42,922 - root - INFO - Epoch 7; loss: 3.5426416397094727; CER: 0.22720125317573547; WER: 0.7138364911079407; val_loss: 2.358933448791504; val_CER: 0.18888889253139496; val_WER: 0.6666666865348816
2024-08-07 15:32:48,795 - root - INFO - Epoch 8; loss: 2.9930074214935303; CER: 0.17500001192092896; WER: 0.6037735939025879; val_loss: 2.4771058559417725; val_CER: 0.24444444477558136; val_WER: 0.6944444179534912
2024-08-07 15:32:55,459 - root - INFO - Epoch 9; loss: 2.5794410705566406; CER: 0.1586477905511856; WER: 0.5566037893295288; val_loss: 1.2581230401992798; val_CER: 0.1111111119389534; val_WER: 0.4722222089767456
2024-08-07 15:33:02,100 - root - INFO - Epoch 10; loss: 2.3901588916778564; CER: 0.1284591108560562; WER: 0.47484275698661804; val_loss: 1.1064553260803223; val_CER: 0.06666667014360428; val_WER: 0.2777777910232544
2024-08-07 15:33:07,876 - root - INFO - Epoch 11; loss: 2.0872018337249756; CER: 0.11556603759527206; WER: 0.446540892124176; val_loss: 1.2765884399414062; val_CER: 0.09444444626569748; val_WER: 0.3055555522441864
2024-08-07 15:33:15,108 - root - INFO - Epoch 12; loss: 2.0262718200683594; CER: 0.1152515783905983; WER: 0.44025155901908875; val_loss: 1.5189152956008911; val_CER: 0.09444444626569748; val_WER: 0.3333333432674408
2024-08-07 15:33:21,009 - root - INFO - Epoch 13; loss: 1.7617816925048828; CER: 0.0957547202706337; WER: 0.36477985978126526; val_loss: 1.50263249874115; val_CER: 0.1111111119389534; val_WER: 0.3611111044883728
2024-08-07 15:33:27,240 - root - INFO - Epoch 14; loss: 1.6473556756973267; CER: 0.08443396538496017; WER: 0.33647799491882324; val_loss: 1.1290082931518555; val_CER: 0.0555555559694767; val_WER: 0.1944444477558136
2024-08-07 15:33:33,197 - root - INFO - Epoch 15; loss: 1.7368217706680298; CER: 0.09009433537721634; WER: 0.3679245412349701; val_loss: 2.1709096431732178; val_CER: 0.17777778208255768; val_WER: 0.5833333134651184
2024-08-07 15:33:39,360 - root - INFO - Epoch 16; loss: 1.6881598234176636; CER: 0.09261006861925125; WER: 0.35849055647850037; val_loss: 2.5855236053466797; val_CER: 0.18888889253139496; val_WER: 0.5555555820465088
2024-08-07 15:33:45,314 - root - INFO - Epoch 17; loss: 1.4205623865127563; CER: 0.07500000298023224; WER: 0.3176100552082062; val_loss: 0.9875442385673523; val_CER: 0.0555555559694767; val_WER: 0.2222222238779068
2024-08-07 15:33:51,299 - root - INFO - Epoch 18; loss: 1.2316004037857056; CER: 0.0594339594244957; WER: 0.23899370431900024; val_loss: 1.3202189207077026; val_CER: 0.1111111119389534; val_WER: 0.3888888955116272
2024-08-07 15:33:57,602 - root - INFO - Epoch 19; loss: 1.3010731935501099; CER: 0.06871069222688675; WER: 0.27987420558929443; val_loss: 1.608660101890564; val_CER: 0.13333334028720856; val_WER: 0.5555555820465088
2024-08-07 15:34:03,906 - root - INFO - Epoch 20; loss: 1.0720276832580566; CER: 0.04984276741743088; WER: 0.21698112785816193; val_loss: 0.8010175824165344; val_CER: 0.0555555559694767; val_WER: 0.2222222238779068
2024-08-07 15:34:09,942 - root - INFO - Epoch 21; loss: 1.1744483709335327; CER: 0.06179245933890343; WER: 0.24842767417430878; val_loss: 3.2856011390686035; val_CER: 0.2222222089767456; val_WER: 0.7222222089767456
2024-08-07 15:34:16,058 - root - INFO - Epoch 22; loss: 1.1911723613739014; CER: 0.056761011481285095; WER: 0.24213837087154388; val_loss: 3.7751781940460205; val_CER: 0.25; val_WER: 0.75
2024-08-07 15:34:22,034 - root - INFO - Epoch 23; loss: 1.2403360605239868; CER: 0.06682389974594116; WER: 0.2641509473323822; val_loss: 2.7486572265625; val_CER: 0.16111111640930176; val_WER: 0.6111111044883728
2024-08-07 15:34:28,188 - root - INFO - Epoch 24; loss: 1.0417894124984741; CER: 0.051729556173086166; WER: 0.21383647620677948; val_loss: 2.0873498916625977; val_CER: 0.14444445073604584; val_WER: 0.5277777910232544
2024-08-07 15:34:34,684 - root - INFO - Epoch 25; loss: 0.8864628076553345; CER: 0.04795597493648529; WER: 0.19811320304870605; val_loss: 1.9566878080368042; val_CER: 0.13333334028720856; val_WER: 0.5277777910232544
2024-08-07 15:34:40,796 - root - INFO - Epoch 26; loss: 1.1193560361862183; CER: 0.05487421527504921; WER: 0.21069182455539703; val_loss: 3.811516761779785; val_CER: 0.1944444477558136; val_WER: 0.6666666865348816
2024-08-07 15:34:46,877 - root - INFO - Epoch 27; loss: 1.0328104496002197; CER: 0.053616348654031754; WER: 0.2295597493648529; val_loss: 2.66340970993042; val_CER: 0.17777779698371887; val_WER: 0.5555555820465088
2024-08-07 15:34:53,255 - root - INFO - Epoch 28; loss: 1.0060232877731323; CER: 0.052358489483594894; WER: 0.2075471729040146; val_loss: 1.2479631900787354; val_CER: 0.07777777314186096; val_WER: 0.3055555522441864
2024-08-07 15:34:59,316 - root - INFO - Epoch 29; loss: 0.9863702058792114; CER: 0.04984276741743088; WER: 0.21069182455539703; val_loss: 1.4425652027130127; val_CER: 0.09444444626569748; val_WER: 0.4166666567325592
2024-08-07 15:35:05,298 - root - INFO - Epoch 30; loss: 0.8355659246444702; CER: 0.04795597493648529; WER: 0.2075471729040146; val_loss: 1.9288830757141113; val_CER: 0.1388888955116272; val_WER: 0.6111111044883728
2024-08-07 15:35:11,786 - root - INFO - Epoch 31; loss: 1.2001657485961914; CER: 0.0611635260283947; WER: 0.26729559898376465; val_loss: 0.49493488669395447; val_CER: 0.03333333507180214; val_WER: 0.1388888955116272
2024-08-07 15:35:17,668 - root - INFO - Epoch 32; loss: 0.8018263578414917; CER: 0.044811319559812546; WER: 0.16981132328510284; val_loss: 0.5995575785636902; val_CER: 0.04444444924592972; val_WER: 0.2222222238779068
2024-08-07 15:35:23,674 - root - INFO - Epoch 33; loss: 0.9410300850868225; CER: 0.05047169700264931; WER: 0.21698112785816193; val_loss: 1.1684141159057617; val_CER: 0.07222222536802292; val_WER: 0.3055555522441864
2024-08-07 15:35:29,716 - root - INFO - Epoch 34; loss: 0.7332423329353333; CER: 0.039150942116975784; WER: 0.15723270177841187; val_loss: 0.6635177135467529; val_CER: 0.06111111119389534; val_WER: 0.25
2024-08-07 15:35:35,857 - root - INFO - Epoch 35; loss: 0.7558488249778748; CER: 0.04355345666408539; WER: 0.18553459644317627; val_loss: 1.1527824401855469; val_CER: 0.09444444626569748; val_WER: 0.3611111044883728
2024-08-07 15:35:42,359 - root - INFO - Epoch 36; loss: 0.7680257558822632; CER: 0.044182389974594116; WER: 0.1603773534297943; val_loss: 2.4443976879119873; val_CER: 0.15000000596046448; val_WER: 0.4722222089767456
2024-08-07 15:35:48,309 - root - INFO - Epoch 37; loss: 0.6259249448776245; CER: 0.032232705503702164; WER: 0.14150942862033844; val_loss: 1.342894196510315; val_CER: 0.07777778059244156; val_WER: 0.3055555522441864
2024-08-07 15:35:54,278 - root - INFO - Epoch 38; loss: 0.700125515460968; CER: 0.031603775918483734; WER: 0.13522012531757355; val_loss: 0.593471884727478; val_CER: 0.04444444924592972; val_WER: 0.1666666716337204
2024-08-07 15:36:00,449 - root - INFO - Epoch 39; loss: 0.6504451036453247; CER: 0.037264153361320496; WER: 0.15408805012702942; val_loss: 0.6875860095024109; val_CER: 0.05000000074505806; val_WER: 0.1666666716337204
2024-08-07 15:36:06,701 - root - INFO - Epoch 40; loss: 0.8219906091690063; CER: 0.03852201625704765; WER: 0.1603773534297943; val_loss: 0.7388935089111328; val_CER: 0.0555555559694767; val_WER: 0.2222222238779068
2024-08-07 15:36:13,435 - root - INFO - Epoch 41; loss: 0.6107988953590393; CER: 0.02908805012702942; WER: 0.13522012531757355; val_loss: 0.2595226466655731; val_CER: 0.02222222276031971; val_WER: 0.1111111119389534
2024-08-07 15:36:20,081 - root - INFO - Epoch 42; loss: 0.6549410223960876; CER: 0.03616352379322052; WER: 0.15723270177841187; val_loss: 0.1332230120897293; val_CER: 0.011111111380159855; val_WER: 0.0555555559694767
2024-08-07 15:36:26,203 - root - INFO - Epoch 43; loss: 0.6566413044929504; CER: 0.03333333507180214; WER: 0.15094339847564697; val_loss: 0.26862698793411255; val_CER: 0.01666666753590107; val_WER: 0.0833333358168602
2024-08-07 15:36:33,014 - root - INFO - Epoch 44; loss: 0.5845099091529846; CER: 0.03223270922899246; WER: 0.14150942862033844; val_loss: 0.17803700268268585; val_CER: 0.0055555556900799274; val_WER: 0.02777777798473835
2024-08-07 15:36:39,105 - root - INFO - Epoch 45; loss: 0.5932298302650452; CER: 0.032232705503702164; WER: 0.15408805012702942; val_loss: 0.16043710708618164; val_CER: 0.011111111380159855; val_WER: 0.0555555559694767
2024-08-07 15:36:45,447 - root - INFO - Epoch 46; loss: 0.5770363211631775; CER: 0.030974844470620155; WER: 0.138364776968956; val_loss: 0.40465620160102844; val_CER: 0.03333333507180214; val_WER: 0.1388888955116272
2024-08-07 15:36:51,468 - root - INFO - Epoch 47; loss: 0.49191004037857056; CER: 0.0221698135137558; WER: 0.0974842756986618; val_loss: 0.6959876418113708; val_CER: 0.04444444552063942; val_WER: 0.2222222238779068
2024-08-07 15:36:57,787 - root - INFO - Epoch 48; loss: 0.5301533937454224; CER: 0.025943396613001823; WER: 0.11949685215950012; val_loss: 0.721780002117157; val_CER: 0.05000000074505806; val_WER: 0.2222222238779068
2024-08-07 15:37:03,878 - root - INFO - Epoch 49; loss: 0.498035192489624; CER: 0.025314465165138245; WER: 0.11635220050811768; val_loss: 0.8458011746406555; val_CER: 0.0555555559694767; val_WER: 0.2222222238779068
2024-08-07 15:37:09,931 - root - INFO - Epoch 50; loss: 0.6272882223129272; CER: 0.03789307922124863; WER: 0.18238992989063263; val_loss: 1.1192084550857544; val_CER: 0.07222222536802292; val_WER: 0.2777777910232544
2024-08-07 15:37:16,154 - root - INFO - Epoch 51; loss: 0.5134782791137695; CER: 0.029716983437538147; WER: 0.13522012531757355; val_loss: 0.378131628036499; val_CER: 0.03888889029622078; val_WER: 0.1666666716337204
2024-08-07 15:37:22,238 - root - INFO - Epoch 52; loss: 0.44833314418792725; CER: 0.02138364687561989; WER: 0.09119496494531631; val_loss: 0.30011531710624695; val_CER: 0.02222222276031971; val_WER: 0.1111111119389534
2024-08-07 15:37:28,350 - root - INFO - Epoch 53; loss: 0.4838668704032898; CER: 0.027201255783438683; WER: 0.12893082201480865; val_loss: 0.26832225918769836; val_CER: 0.01666666753590107; val_WER: 0.0833333358168602
2024-08-07 15:37:34,655 - root - INFO - Epoch 54; loss: 0.5129794478416443; CER: 0.02783018909394741; WER: 0.11320754885673523; val_loss: 0.3727087080478668; val_CER: 0.02777777798473835; val_WER: 0.1111111119389534
2024-08-07 15:37:40,834 - root - INFO - Epoch 55; loss: 0.4392310380935669; CER: 0.02767295576632023; WER: 0.1257861703634262; val_loss: 0.5003841519355774; val_CER: 0.04444444924592972; val_WER: 0.1944444477558136
2024-08-07 15:37:47,041 - root - INFO - Epoch 56; loss: 0.46481040120124817; CER: 0.02783018909394741; WER: 0.1257861703634262; val_loss: 0.4892127811908722; val_CER: 0.03333333507180214; val_WER: 0.1666666716337204
2024-08-07 15:37:53,281 - root - INFO - Epoch 57; loss: 0.4951724112033844; CER: 0.02767295576632023; WER: 0.12893082201480865; val_loss: 0.514758825302124; val_CER: 0.03333333507180214; val_WER: 0.1666666716337204
2024-08-07 15:37:59,629 - root - INFO - Epoch 58; loss: 0.42556512355804443; CER: 0.02091195061802864; WER: 0.09433962404727936; val_loss: 0.9700698852539062; val_CER: 0.05000000074505806; val_WER: 0.25
2024-08-07 15:38:06,105 - root - INFO - Epoch 59; loss: 0.43401628732681274; CER: 0.024056602269411087; WER: 0.11006288975477219; val_loss: 0.20472972095012665; val_CER: 0.011111111380159855; val_WER: 0.0555555559694767
2024-08-07 15:38:12,596 - root - INFO - Epoch 60; loss: 0.4298773407936096; CER: 0.024056604132056236; WER: 0.1037735864520073; val_loss: 0.08571893721818924; val_CER: 0.0055555556900799274; val_WER: 0.02777777798473835
2024-08-07 15:38:19,306 - root - INFO - Epoch 61; loss: 0.41095301508903503; CER: 0.02012578584253788; WER: 0.09433962404727936; val_loss: 0.1963251531124115; val_CER: 0.011111111380159855; val_WER: 0.0555555559694767
2024-08-07 15:38:26,802 - root - INFO - Epoch 62; loss: 0.32864660024642944; CER: 0.015723271295428276; WER: 0.07232704758644104; val_loss: 0.18493807315826416; val_CER: 0.011111111380159855; val_WER: 0.0555555559694767
2024-08-07 15:38:34,601 - root - INFO - Epoch 63; loss: 0.5370436310768127; CER: 0.02720125950872898; WER: 0.11949685215950012; val_loss: 0.036186009645462036; val_CER: 0.0; val_WER: 0.0
2024-08-07 15:38:41,475 - root - INFO - Epoch 64; loss: 0.4211747646331787; CER: 0.020283019170165062; WER: 0.09119496494531631; val_loss: 0.03190867230296135; val_CER: 0.0; val_WER: 0.0
2024-08-07 15:38:48,593 - root - INFO - Epoch 65; loss: 0.45502322912216187; CER: 0.025157231837511063; WER: 0.10691823810338974; val_loss: 0.18194229900836945; val_CER: 0.01666666753590107; val_WER: 0.0833333358168602
2024-08-07 15:38:55,875 - root - INFO - Epoch 66; loss: 0.43253645300865173; CER: 0.022798744961619377; WER: 0.11006288975477219; val_loss: 0.19816026091575623; val_CER: 0.01666666753590107; val_WER: 0.0833333358168602
2024-08-07 15:39:03,381 - root - INFO - Epoch 67; loss: 0.37935811281204224; CER: 0.022012580186128616; WER: 0.10691823810338974; val_loss: 0.04689158871769905; val_CER: 0.0; val_WER: 0.0
2024-08-07 15:39:10,980 - root - INFO - Epoch 68; loss: 0.5011138916015625; CER: 0.02154088020324707; WER: 0.0974842756986618; val_loss: 0.10991476476192474; val_CER: 0.011111111380159855; val_WER: 0.0555555559694767
2024-08-07 15:39:18,400 - root - INFO - Epoch 69; loss: 0.44325143098831177; CER: 0.023427672684192657; WER: 0.10691823810338974; val_loss: 0.08656713366508484; val_CER: 0.011111111380159855; val_WER: 0.0555555559694767
2024-08-07 15:39:25,521 - root - INFO - Epoch 70; loss: 0.4369637370109558; CER: 0.02641509659588337; WER: 0.11635220050811768; val_loss: 0.12650743126869202; val_CER: 0.011111111380159855; val_WER: 0.0555555559694767
2024-08-07 15:39:31,886 - root - INFO - Epoch 71; loss: 0.38220781087875366; CER: 0.018396226689219475; WER: 0.07861635088920593; val_loss: 0.6291446685791016; val_CER: 0.03888889029622078; val_WER: 0.1944444477558136
2024-08-07 15:39:38,039 - root - INFO - Epoch 72; loss: 0.36920294165611267; CER: 0.02075471729040146; WER: 0.09119496494531631; val_loss: 1.3866304159164429; val_CER: 0.07777778059244156; val_WER: 0.3611111044883728
2024-08-07 15:39:44,129 - root - INFO - Epoch 73; loss: 0.44562819600105286; CER: 0.025314465165138245; WER: 0.11320754885673523; val_loss: 0.984449028968811; val_CER: 0.06111111119389534; val_WER: 0.25
2024-08-07 15:39:50,358 - root - INFO - Epoch 74; loss: 0.409722238779068; CER: 0.022641511633992195; WER: 0.0974842756986618; val_loss: 1.0292601585388184; val_CER: 0.0555555559694767; val_WER: 0.1666666716337204
2024-08-07 15:39:56,524 - root - INFO - Epoch 75; loss: 0.4351847469806671; CER: 0.023427672684192657; WER: 0.11006288975477219; val_loss: 0.764599621295929; val_CER: 0.04444444552063942; val_WER: 0.1388888955116272
2024-08-07 15:40:02,596 - root - INFO - Epoch 76; loss: 0.35571131110191345; CER: 0.02075471729040146; WER: 0.09119496494531631; val_loss: 0.17670199275016785; val_CER: 0.011111111380159855; val_WER: 0.0555555559694767
2024-08-07 15:40:08,773 - root - INFO - Epoch 77; loss: 0.37799033522605896; CER: 0.024056602269411087; WER: 0.10691823810338974; val_loss: 0.04026366025209427; val_CER: 0.0; val_WER: 0.0
2024-08-07 15:40:15,036 - root - INFO - Epoch 78; loss: 0.43334662914276123; CER: 0.023270441219210625; WER: 0.10691823810338974; val_loss: 0.14448362588882446; val_CER: 0.011111111380159855; val_WER: 0.0555555559694767
2024-08-07 15:40:21,517 - root - INFO - Epoch 79; loss: 0.4549156725406647; CER: 0.025943396613001823; WER: 0.11320754885673523; val_loss: 0.02552628517150879; val_CER: 0.0; val_WER: 0.0
2024-08-07 15:40:27,975 - root - INFO - Epoch 80; loss: 0.4132874011993408; CER: 0.019025158137083054; WER: 0.08805031329393387; val_loss: 0.044274672865867615; val_CER: 0.0; val_WER: 0.0
2024-08-07 15:40:34,625 - root - INFO - Epoch 81; loss: 0.4218531847000122; CER: 0.025157231837511063; WER: 0.10062892735004425; val_loss: 0.01804528944194317; val_CER: 0.0; val_WER: 0.0
2024-08-07 15:40:41,470 - root - INFO - Epoch 82; loss: 0.4836921691894531; CER: 0.025314465165138245; WER: 0.11949685215950012; val_loss: 0.05246638506650925; val_CER: 0.0; val_WER: 0.0
2024-08-07 15:40:47,967 - root - INFO - Epoch 83; loss: 0.4146798253059387; CER: 0.02091195061802864; WER: 0.10062892735004425; val_loss: 0.07104155421257019; val_CER: 0.0055555556900799274; val_WER: 0.02777777798473835
2024-08-07 15:40:53,973 - root - INFO - Epoch 84; loss: 0.39655694365501404; CER: 0.02657232992351055; WER: 0.10691823810338974; val_loss: 0.04000255838036537; val_CER: 0.0; val_WER: 0.0
2024-08-07 15:41:00,539 - root - INFO - Epoch 85; loss: 0.39766818284988403; CER: 0.022798743098974228; WER: 0.10062892735004425; val_loss: 0.06410052627325058; val_CER: 0.011111111380159855; val_WER: 0.0555555559694767
2024-08-07 15:41:07,493 - root - INFO - Epoch 86; loss: 0.3526023030281067; CER: 0.013993711210787296; WER: 0.06603773683309555; val_loss: 0.05259908363223076; val_CER: 0.0055555556900799274; val_WER: 0.02777777798473835
2024-08-07 15:41:14,237 - root - INFO - Epoch 87; loss: 0.3032466173171997; CER: 0.017138363793492317; WER: 0.07861635088920593; val_loss: 0.03941883519291878; val_CER: 0.0055555556900799274; val_WER: 0.02777777798473835
2024-08-07 15:41:20,988 - root - INFO - Epoch 88; loss: 0.4208294451236725; CER: 0.019654087722301483; WER: 0.08490566164255142; val_loss: 0.033405087888240814; val_CER: 0.0; val_WER: 0.0
2024-08-07 15:41:27,393 - root - INFO - Epoch 89; loss: 0.5047579407691956; CER: 0.0270440261811018; WER: 0.11320754885673523; val_loss: 0.025734784081578255; val_CER: 0.0; val_WER: 0.0
2024-08-07 15:41:34,259 - root - INFO - Epoch 90; loss: 0.21891945600509644; CER: 0.01006289292126894; WER: 0.04716981202363968; val_loss: 0.0239095576107502; val_CER: 0.0; val_WER: 0.0
2024-08-07 15:41:40,464 - root - INFO - Epoch 91; loss: 0.307299941778183; CER: 0.018238995224237442; WER: 0.08490566164255142; val_loss: 0.01863134279847145; val_CER: 0.0; val_WER: 0.0
2024-08-07 15:41:46,619 - root - INFO - Epoch 92; loss: 0.24189430475234985; CER: 0.013836479745805264; WER: 0.0628930851817131; val_loss: 0.02442019432783127; val_CER: 0.0; val_WER: 0.0
2024-08-07 15:41:52,768 - root - INFO - Epoch 93; loss: 0.2623750567436218; CER: 0.014465410262346268; WER: 0.07232704758644104; val_loss: 0.049840569496154785; val_CER: 0.0; val_WER: 0.0
2024-08-07 15:41:59,050 - root - INFO - Epoch 94; loss: 0.2639086842536926; CER: 0.013993710279464722; WER: 0.05345911905169487; val_loss: 0.03797405958175659; val_CER: 0.0055555556900799274; val_WER: 0.02777777798473835
2024-08-07 15:42:05,296 - root - INFO - Epoch 95; loss: 0.3138377070426941; CER: 0.017610061913728714; WER: 0.08805031329393387; val_loss: 0.03185879811644554; val_CER: 0.0055555556900799274; val_WER: 0.02777777798473835
2024-08-07 15:42:12,018 - root - INFO - Epoch 96; loss: 0.3248922526836395; CER: 0.015094339847564697; WER: 0.0628930851817131; val_loss: 0.015588966198265553; val_CER: 0.0; val_WER: 0.0
2024-08-07 15:42:18,767 - root - INFO - Epoch 97; loss: 0.31006839871406555; CER: 0.016509434208273888; WER: 0.07232704758644104; val_loss: 0.06634143739938736; val_CER: 0.0055555556900799274; val_WER: 0.02777777798473835
2024-08-07 15:42:24,957 - root - INFO - Epoch 98; loss: 0.25040245056152344; CER: 0.013364779762923717; WER: 0.06603773683309555; val_loss: 0.08079174160957336; val_CER: 0.0055555556900799274; val_WER: 0.02777777798473835
2024-08-07 15:42:31,010 - root - INFO - Epoch 99; loss: 0.3088301420211792; CER: 0.016509434208273888; WER: 0.07232704758644104; val_loss: 0.05064631253480911; val_CER: 0.0055555556900799274; val_WER: 0.02777777798473835
2024-08-07 15:42:37,176 - root - INFO - Epoch 100; loss: 0.32218924164772034; CER: 0.013993711210787296; WER: 0.0628930851817131; val_loss: 0.028043117374181747; val_CER: 0.0055555556900799274; val_WER: 0.02777777798473835
2024-08-07 15:42:43,259 - root - INFO - Epoch 101; loss: 0.2985396087169647; CER: 0.017138365656137466; WER: 0.07232704758644104; val_loss: 0.05007918179035187; val_CER: 0.0055555556900799274; val_WER: 0.02777777798473835
2024-08-07 15:42:49,347 - root - INFO - Epoch 102; loss: 0.32820063829421997; CER: 0.018238995224237442; WER: 0.08176100999116898; val_loss: 0.10363469272851944; val_CER: 0.011111111380159855; val_WER: 0.0555555559694767
2024-08-07 15:42:56,111 - root - INFO - Epoch 103; loss: 0.26121070981025696; CER: 0.01006289292126894; WER: 0.04716981202363968; val_loss: 0.1848498284816742; val_CER: 0.01666666753590107; val_WER: 0.0833333358168602
2024-08-07 15:43:02,181 - root - INFO - Epoch 104; loss: 0.3610821068286896; CER: 0.02012578584253788; WER: 0.09119496494531631; val_loss: 0.16036780178546906; val_CER: 0.011111111380159855; val_WER: 0.0555555559694767
2024-08-07 15:43:08,433 - root - INFO - Epoch 105; loss: 0.30794790387153625; CER: 0.016352202743291855; WER: 0.07861635088920593; val_loss: 0.3659798800945282; val_CER: 0.01666666753590107; val_WER: 0.0833333358168602
2024-08-07 15:43:14,648 - root - INFO - Epoch 106; loss: 0.25823527574539185; CER: 0.013364781625568867; WER: 0.0628930851817131; val_loss: 0.43097198009490967; val_CER: 0.01666666753590107; val_WER: 0.0833333358168602
2024-08-07 15:43:20,698 - root - INFO - Epoch 107; loss: 0.3356569707393646; CER: 0.015251572243869305; WER: 0.069182388484478; val_loss: 0.3635566234588623; val_CER: 0.01666666753590107; val_WER: 0.0833333358168602
2024-08-07 15:43:26,843 - root - INFO - Epoch 108; loss: 0.21451453864574432; CER: 0.012578615918755531; WER: 0.056603774428367615; val_loss: 0.10280775278806686; val_CER: 0.0055555556900799274; val_WER: 0.02777777798473835
2024-08-07 15:43:33,232 - root - INFO - Epoch 109; loss: 0.24781489372253418; CER: 0.013364779762923717; WER: 0.05345911905169487; val_loss: 0.035869844257831573; val_CER: 0.0; val_WER: 0.0
2024-08-07 15:43:39,895 - root - INFO - Epoch 110; loss: 0.2932947278022766; CER: 0.019025156274437904; WER: 0.08490566164255142; val_loss: 0.04372414946556091; val_CER: 0.0; val_WER: 0.0
2024-08-07 15:43:46,230 - root - INFO - Epoch 111; loss: 0.27400365471839905; CER: 0.015880504623055458; WER: 0.07547169923782349; val_loss: 0.037112753838300705; val_CER: 0.0; val_WER: 0.0
2024-08-07 15:43:52,601 - root - INFO - Epoch 112; loss: 0.26213228702545166; CER: 0.014465408399701118; WER: 0.069182388484478; val_loss: 0.025194915011525154; val_CER: 0.0; val_WER: 0.0
2024-08-07 15:43:59,683 - root - INFO - Epoch 113; loss: 0.19552478194236755; CER: 0.01147798728197813; WER: 0.056603774428367615; val_loss: 0.017439423128962517; val_CER: 0.0; val_WER: 0.0
2024-08-07 15:44:01,698 - tf2onnx.tfonnx - INFO - Using tensorflow=2.10.0, onnx=1.16.2, tf2onnx=1.16.1/15c810
2024-08-07 15:44:01,698 - tf2onnx.tfonnx - INFO - Using opset <onnx, 15>
2024-08-07 15:44:01,802 - tf2onnx.tf_utils - INFO - Computed 0 values for constant folding
2024-08-07 15:44:01,808 - tf2onnx.tf_utils - INFO - Computed 0 values for constant folding
2024-08-07 15:44:01,811 - tf2onnx.tf_utils - INFO - Computed 0 values for constant folding
2024-08-07 15:44:01,818 - tf2onnx.tf_utils - INFO - Computed 0 values for constant folding
2024-08-07 15:44:01,855 - tf2onnx.tf_utils - INFO - Computed 2 values for constant folding
2024-08-07 15:44:01,926 - tf2onnx.tfonnx - INFO - folding node using tf type=StridedSlice, name=model/bidirectional/forward_lstm/PartitionedCall/strided_slice
2024-08-07 15:44:01,926 - tf2onnx.tfonnx - INFO - folding node using tf type=StridedSlice, name=model/bidirectional/backward_lstm/PartitionedCall/strided_slice
2024-08-07 15:44:02,088 - tf2onnx.optimizer - INFO - Optimizing ONNX model
2024-08-07 15:44:02,605 - tf2onnx.optimizer - INFO - After optimization: BatchNormalization -18 (18->0), Cast -4 (11->7), Concat -4 (10->6), Const -128 (194->66), Expand -3 (4->1), Gather +2 (2->4), Identity -2 (2->0), Shape -1 (4->3), Slice -1 (5->4), Squeeze -3 (5->2), Transpose -83 (87->4), Unsqueeze -14 (17->3)
