2024-08-01 12:56:23,639 - root - INFO - Epoch 0; loss: 74.40678405761719; CER: 2.9789769649505615; WER: 1.0; val_loss: 34.71302032470703; val_CER: 1.0; val_WER: 1.0
2024-08-01 12:56:31,650 - root - INFO - Epoch 1; loss: 16.697696685791016; CER: 1.0; WER: 1.0; val_loss: 20.10883140563965; val_CER: 1.0; val_WER: 1.0
2024-08-01 12:56:39,970 - root - INFO - Epoch 2; loss: 13.98685359954834; CER: 1.0; WER: 1.0; val_loss: 16.465450286865234; val_CER: 1.0; val_WER: 1.0
2024-08-01 12:56:48,427 - root - INFO - Epoch 3; loss: 13.268328666687012; CER: 1.0; WER: 1.0; val_loss: 13.77261734008789; val_CER: 1.0; val_WER: 1.0
2024-08-01 12:56:56,764 - root - INFO - Epoch 4; loss: 13.193032264709473; CER: 1.0; WER: 1.0; val_loss: 13.181846618652344; val_CER: 1.0; val_WER: 1.0
2024-08-01 12:57:05,516 - root - INFO - Epoch 5; loss: 13.163684844970703; CER: 1.0; WER: 1.0; val_loss: 13.196206092834473; val_CER: 1.0; val_WER: 1.0
2024-08-01 12:57:14,526 - root - INFO - Epoch 6; loss: 13.128843307495117; CER: 1.0; WER: 1.0; val_loss: 13.229047775268555; val_CER: 1.0; val_WER: 1.0
2024-08-01 12:57:23,482 - root - INFO - Epoch 7; loss: 13.122493743896484; CER: 1.0; WER: 1.0; val_loss: 13.185128211975098; val_CER: 1.0; val_WER: 1.0
2024-08-01 12:57:28,604 - root - INFO - Epoch 8; loss: 13.142712593078613; CER: 1.0; WER: 1.0; val_loss: 13.246224403381348; val_CER: 1.0; val_WER: 1.0
2024-08-01 12:57:33,630 - root - INFO - Epoch 9; loss: 13.11595630645752; CER: 1.0; WER: 1.0; val_loss: 13.247167587280273; val_CER: 1.0; val_WER: 1.0
2024-08-01 12:57:41,923 - root - INFO - Epoch 10; loss: 13.111595153808594; CER: 1.0; WER: 1.0; val_loss: 13.237178802490234; val_CER: 1.0; val_WER: 1.0
2024-08-01 12:57:50,226 - root - INFO - Epoch 11; loss: 13.098196029663086; CER: 1.0; WER: 1.0; val_loss: 13.246109962463379; val_CER: 1.0; val_WER: 1.0
2024-08-01 12:57:58,431 - root - INFO - Epoch 12; loss: 13.081396102905273; CER: 1.0; WER: 1.0; val_loss: 13.252875328063965; val_CER: 1.0; val_WER: 1.0
2024-08-01 12:58:06,756 - root - INFO - Epoch 13; loss: 13.063037872314453; CER: 1.0; WER: 1.0; val_loss: 13.230925559997559; val_CER: 1.0; val_WER: 1.0
2024-08-01 12:58:14,987 - root - INFO - Epoch 14; loss: 13.054500579833984; CER: 1.0; WER: 1.0; val_loss: 13.25970458984375; val_CER: 1.0; val_WER: 1.0
2024-08-01 12:58:23,849 - root - INFO - Epoch 15; loss: 13.020965576171875; CER: 1.0; WER: 1.0; val_loss: 13.296721458435059; val_CER: 1.0; val_WER: 1.0
2024-08-01 12:58:29,327 - root - INFO - Epoch 16; loss: 13.002643585205078; CER: 1.0; WER: 1.0; val_loss: 13.297897338867188; val_CER: 1.0; val_WER: 1.0
2024-08-01 12:58:37,106 - root - INFO - Epoch 17; loss: 12.99714469909668; CER: 1.0; WER: 1.0; val_loss: 13.270402908325195; val_CER: 1.0; val_WER: 1.0
2024-08-01 12:58:42,244 - root - INFO - Epoch 18; loss: 12.96573257446289; CER: 1.0; WER: 1.0; val_loss: 13.386783599853516; val_CER: 1.0; val_WER: 1.0
2024-08-01 12:58:49,778 - root - INFO - Epoch 19; loss: 12.90247917175293; CER: 1.0; WER: 1.0; val_loss: 13.35671329498291; val_CER: 1.0; val_WER: 1.0
2024-08-01 12:58:56,122 - root - INFO - Epoch 20; loss: 12.879106521606445; CER: 1.0; WER: 1.0; val_loss: 13.444470405578613; val_CER: 1.0; val_WER: 1.0
2024-08-01 12:59:02,797 - root - INFO - Epoch 21; loss: 12.840092658996582; CER: 1.0; WER: 1.0; val_loss: 13.493830680847168; val_CER: 1.0; val_WER: 1.0
2024-08-01 12:59:11,976 - root - INFO - Epoch 22; loss: 12.849945068359375; CER: 1.0; WER: 1.0; val_loss: 13.65906810760498; val_CER: 1.0; val_WER: 1.0
2024-08-01 12:59:18,868 - root - INFO - Epoch 23; loss: 12.752768516540527; CER: 1.0; WER: 1.0; val_loss: 13.892248153686523; val_CER: 1.0; val_WER: 1.0
2024-08-01 12:59:24,451 - root - INFO - Epoch 24; loss: 12.723052024841309; CER: 1.0; WER: 1.0; val_loss: 14.016237258911133; val_CER: 1.0; val_WER: 1.0
2024-08-01 12:59:29,988 - root - INFO - Epoch 25; loss: 12.635955810546875; CER: 0.9997233748435974; WER: 1.0; val_loss: 14.217202186584473; val_CER: 1.0; val_WER: 1.0
2024-08-01 12:59:38,510 - root - INFO - Epoch 26; loss: 12.61398983001709; CER: 1.0; WER: 1.0; val_loss: 14.016929626464844; val_CER: 1.0; val_WER: 1.0
2024-08-01 12:59:47,123 - root - INFO - Epoch 27; loss: 12.594257354736328; CER: 0.9988934397697449; WER: 1.0; val_loss: 12.604743957519531; val_CER: 1.0; val_WER: 1.0
2024-08-01 12:59:55,539 - root - INFO - Epoch 28; loss: 12.459855079650879; CER: 0.9983402490615845; WER: 1.0; val_loss: 13.183606147766113; val_CER: 1.0; val_WER: 1.0
2024-08-01 13:00:04,508 - root - INFO - Epoch 29; loss: 12.37440299987793; CER: 0.9969571232795715; WER: 1.0; val_loss: 12.643972396850586; val_CER: 0.9901233911514282; val_WER: 1.0
2024-08-01 13:00:13,609 - root - INFO - Epoch 30; loss: 12.301902770996094; CER: 0.9775933623313904; WER: 1.0; val_loss: 11.654155731201172; val_CER: 0.9728395342826843; val_WER: 1.0
2024-08-01 13:00:22,775 - root - INFO - Epoch 31; loss: 12.14714241027832; CER: 0.9712309837341309; WER: 1.0; val_loss: 12.131183624267578; val_CER: 0.9456790089607239; val_WER: 1.0
2024-08-01 13:00:31,778 - root - INFO - Epoch 32; loss: 12.02474308013916; CER: 0.9648686647415161; WER: 1.0; val_loss: 11.513833999633789; val_CER: 0.9234568476676941; val_WER: 1.0
2024-08-01 13:00:40,088 - root - INFO - Epoch 33; loss: 11.810934066772461; CER: 0.9208852052688599; WER: 1.0; val_loss: 11.587066650390625; val_CER: 0.9333333373069763; val_WER: 1.0
2024-08-01 13:00:49,124 - root - INFO - Epoch 34; loss: 11.584511756896973; CER: 0.9051175117492676; WER: 1.0; val_loss: 11.807705879211426; val_CER: 0.879012405872345; val_WER: 1.0
2024-08-01 13:00:58,242 - root - INFO - Epoch 35; loss: 11.526297569274902; CER: 0.8923928141593933; WER: 1.0; val_loss: 10.53552532196045; val_CER: 0.8271604776382446; val_WER: 1.0
2024-08-01 13:01:06,495 - root - INFO - Epoch 36; loss: 11.158823013305664; CER: 0.848962664604187; WER: 1.0; val_loss: 12.266770362854004; val_CER: 0.849382758140564; val_WER: 1.0
2024-08-01 13:01:15,367 - root - INFO - Epoch 37; loss: 10.925691604614258; CER: 0.8055324554443359; WER: 1.0; val_loss: 10.514479637145996; val_CER: 0.8074074387550354; val_WER: 1.0
2024-08-01 13:01:23,697 - root - INFO - Epoch 38; loss: 10.634169578552246; CER: 0.7800830006599426; WER: 1.0; val_loss: 10.431527137756348; val_CER: 0.8098765015602112; val_WER: 1.0
2024-08-01 13:01:33,116 - root - INFO - Epoch 39; loss: 10.443586349487305; CER: 0.749654233455658; WER: 1.0; val_loss: 10.782440185546875; val_CER: 0.7975309491157532; val_WER: 1.0
2024-08-01 13:01:39,501 - root - INFO - Epoch 40; loss: 10.211885452270508; CER: 0.7374826669692993; WER: 1.0; val_loss: 10.222018241882324; val_CER: 0.7333333492279053; val_WER: 1.0
2024-08-01 13:01:48,928 - root - INFO - Epoch 41; loss: 9.799763679504395; CER: 0.708713710308075; WER: 1.0; val_loss: 10.225666999816895; val_CER: 0.7061728835105896; val_WER: 1.0
2024-08-01 13:01:57,623 - root - INFO - Epoch 42; loss: 9.470197677612305; CER: 0.6793914437294006; WER: 0.9986168742179871; val_loss: 11.219566345214844; val_CER: 0.713580310344696; val_WER: 1.0
2024-08-01 13:02:06,986 - root - INFO - Epoch 43; loss: 9.208979606628418; CER: 0.675242006778717; WER: 0.9972337484359741; val_loss: 11.666963577270508; val_CER: 0.7111110687255859; val_WER: 1.0
2024-08-01 13:02:13,806 - root - INFO - Epoch 44; loss: 8.903707504272461; CER: 0.652282178401947; WER: 0.9972337484359741; val_loss: 20.576623916625977; val_CER: 0.8617284297943115; val_WER: 1.0
2024-08-01 13:02:19,979 - root - INFO - Epoch 45; loss: 8.611973762512207; CER: 0.6558783650398254; WER: 0.9958506226539612; val_loss: 24.83454704284668; val_CER: 0.9012345671653748; val_WER: 1.0
2024-08-01 13:02:27,330 - root - INFO - Epoch 46; loss: 8.299250602722168; CER: 0.6243429780006409; WER: 0.9930843710899353; val_loss: 24.282468795776367; val_CER: 0.9012345671653748; val_WER: 1.0
2024-08-01 13:02:35,349 - root - INFO - Epoch 47; loss: 8.091414451599121; CER: 0.6138312816619873; WER: 0.9944674968719482; val_loss: 18.51240348815918; val_CER: 0.8666667342185974; val_WER: 1.0
2024-08-01 13:02:44,221 - root - INFO - Epoch 48; loss: 8.042221069335938; CER: 0.5997233986854553; WER: 0.9889349937438965; val_loss: 25.752460479736328; val_CER: 0.8716049194335938; val_WER: 1.0
2024-08-01 13:02:50,375 - root - INFO - Epoch 49; loss: 7.646376132965088; CER: 0.5731673836708069; WER: 0.9861687421798706; val_loss: 27.625564575195312; val_CER: 0.8962962627410889; val_WER: 1.0
2024-08-01 13:02:58,965 - root - INFO - Epoch 50; loss: 7.628434658050537; CER: 0.5892115831375122; WER: 0.9847856163978577; val_loss: 26.308765411376953; val_CER: 0.8864197731018066; val_WER: 1.0
2024-08-01 13:03:07,493 - root - INFO - Epoch 51; loss: 7.626435279846191; CER: 0.585338830947876; WER: 0.9847856163978577; val_loss: 29.97633934020996; val_CER: 0.891357958316803; val_WER: 1.0
2024-08-01 13:03:16,182 - root - INFO - Epoch 52; loss: 7.34567928314209; CER: 0.5521438121795654; WER: 0.9806362390518188; val_loss: 28.11625862121582; val_CER: 0.8888888955116272; val_WER: 1.0
2024-08-01 13:03:24,591 - root - INFO - Epoch 53; loss: 7.02562141418457; CER: 0.5305671095848083; WER: 0.97648686170578; val_loss: 32.57012176513672; val_CER: 0.9037036895751953; val_WER: 1.0
2024-08-01 13:03:33,488 - root - INFO - Epoch 54; loss: 6.999948978424072; CER: 0.5372061133384705; WER: 0.977869987487793; val_loss: 32.50503158569336; val_CER: 0.891357958316803; val_WER: 1.0
2024-08-01 13:03:41,884 - root - INFO - Epoch 55; loss: 6.910578727722168; CER: 0.5311203598976135; WER: 0.9751037359237671; val_loss: 30.126041412353516; val_CER: 0.8765432238578796; val_WER: 1.0
2024-08-01 13:03:50,209 - root - INFO - Epoch 56; loss: 6.621270656585693; CER: 0.5062240958213806; WER: 0.9668049812316895; val_loss: 31.049728393554688; val_CER: 0.8716049194335938; val_WER: 1.0
2024-08-01 13:03:58,464 - root - INFO - Epoch 57; loss: 6.505997180938721; CER: 0.49709537625312805; WER: 0.9626556038856506; val_loss: 29.44508171081543; val_CER: 0.8691357970237732; val_WER: 1.0
2024-08-01 13:04:06,822 - root - INFO - Epoch 58; loss: 6.499145984649658; CER: 0.5004149079322815; WER: 0.9806362390518188; val_loss: 28.284976959228516; val_CER: 0.8790122866630554; val_WER: 1.0
2024-08-01 13:04:14,956 - root - INFO - Epoch 59; loss: 6.351428985595703; CER: 0.48686033487319946; WER: 0.9640387296676636; val_loss: 28.576684951782227; val_CER: 0.8864197731018066; val_WER: 1.0
2024-08-01 13:04:23,282 - root - INFO - Epoch 60; loss: 6.170536518096924; CER: 0.4780082702636719; WER: 0.9529737234115601; val_loss: 26.838722229003906; val_CER: 0.8716050386428833; val_WER: 1.0
2024-08-01 13:04:31,622 - root - INFO - Epoch 61; loss: 6.146150588989258; CER: 0.46749651432037354; WER: 0.9488243460655212; val_loss: 26.314435958862305; val_CER: 0.8740741014480591; val_WER: 1.0
2024-08-01 13:04:39,960 - root - INFO - Epoch 62; loss: 5.9705023765563965; CER: 0.4434301555156708; WER: 0.932226836681366; val_loss: 23.08160400390625; val_CER: 0.8617284297943115; val_WER: 1.0
2024-08-01 13:04:48,214 - root - INFO - Epoch 63; loss: 5.680252552032471; CER: 0.43568459153175354; WER: 0.9529737234115601; val_loss: 20.23896598815918; val_CER: 0.8444444537162781; val_WER: 1.0
2024-08-01 13:04:56,524 - root - INFO - Epoch 64; loss: 5.609542369842529; CER: 0.41632091999053955; WER: 0.9114799499511719; val_loss: 23.548444747924805; val_CER: 0.8444444537162781; val_WER: 1.0
2024-08-01 13:05:04,853 - root - INFO - Epoch 65; loss: 5.43191385269165; CER: 0.396957129240036; WER: 0.9170124530792236; val_loss: 22.278396606445312; val_CER: 0.8222222328186035; val_WER: 1.0
2024-08-01 13:05:13,367 - root - INFO - Epoch 66; loss: 5.249047756195068; CER: 0.3814661502838135; WER: 0.9017980694770813; val_loss: 23.66071128845215; val_CER: 0.8395061492919922; val_WER: 1.0
2024-08-01 13:05:21,643 - root - INFO - Epoch 67; loss: 5.025984764099121; CER: 0.36569851636886597; WER: 0.8893499374389648; val_loss: 21.855499267578125; val_CER: 0.8148148059844971; val_WER: 1.0
2024-08-01 13:05:30,036 - root - INFO - Epoch 68; loss: 4.778343677520752; CER: 0.34854772686958313; WER: 0.8520055413246155; val_loss: 21.140399932861328; val_CER: 0.7827160358428955; val_WER: 1.0
2024-08-01 13:05:38,925 - root - INFO - Epoch 69; loss: 4.7818732261657715; CER: 0.34107881784439087; WER: 0.8520055413246155; val_loss: 20.52193260192871; val_CER: 0.7580246925354004; val_WER: 1.0
2024-08-01 13:05:47,647 - root - INFO - Epoch 70; loss: 4.762092590332031; CER: 0.33388659358024597; WER: 0.8492392897605896; val_loss: 21.135059356689453; val_CER: 0.7654321193695068; val_WER: 1.0
2024-08-01 13:05:56,090 - root - INFO - Epoch 71; loss: 4.525405406951904; CER: 0.3239280879497528; WER: 0.8340249061584473; val_loss: 17.433868408203125; val_CER: 0.7382715940475464; val_WER: 1.0
2024-08-01 13:06:05,347 - root - INFO - Epoch 72; loss: 4.076515197753906; CER: 0.27939143776893616; WER: 0.7745504975318909; val_loss: 19.245616912841797; val_CER: 0.7358024716377258; val_WER: 1.0
2024-08-01 13:06:13,922 - root - INFO - Epoch 73; loss: 4.129580020904541; CER: 0.2918395698070526; WER: 0.7869986295700073; val_loss: 19.051050186157227; val_CER: 0.7851851582527161; val_WER: 1.0
2024-08-01 13:06:22,523 - root - INFO - Epoch 74; loss: 3.864650011062622; CER: 0.265006959438324; WER: 0.748271107673645; val_loss: 20.397327423095703; val_CER: 0.800000011920929; val_WER: 1.0
2024-08-01 13:06:31,419 - root - INFO - Epoch 75; loss: 3.710225820541382; CER: 0.25892117619514465; WER: 0.7330567240715027; val_loss: 18.83681297302246; val_CER: 0.7456790208816528; val_WER: 1.0
2024-08-01 13:06:39,653 - root - INFO - Epoch 76; loss: 3.676650285720825; CER: 0.2583679258823395; WER: 0.7344398498535156; val_loss: 18.002750396728516; val_CER: 0.770370364189148; val_WER: 1.0
2024-08-01 13:06:48,077 - root - INFO - Epoch 77; loss: 3.7290332317352295; CER: 0.26334717869758606; WER: 0.7538036108016968; val_loss: 23.79967498779297; val_CER: 0.7876543402671814; val_WER: 1.0
2024-08-01 13:06:57,223 - root - INFO - Epoch 78; loss: 3.457658290863037; CER: 0.2445366382598877; WER: 0.7192254662513733; val_loss: 18.8128662109375; val_CER: 0.7580246925354004; val_WER: 1.0
2024-08-01 13:07:06,033 - root - INFO - Epoch 79; loss: 3.199575185775757; CER: 0.2168741375207901; WER: 0.680497944355011; val_loss: 13.599782943725586; val_CER: 0.7308642268180847; val_WER: 1.0
2024-08-01 13:07:15,077 - root - INFO - Epoch 80; loss: 3.2726244926452637; CER: 0.2284923642873764; WER: 0.6887966990470886; val_loss: 12.871390342712402; val_CER: 0.644444465637207; val_WER: 1.0
2024-08-01 13:07:24,321 - root - INFO - Epoch 81; loss: 3.2585010528564453; CER: 0.2260027825832367; WER: 0.6749654412269592; val_loss: 5.075403213500977; val_CER: 0.4691357910633087; val_WER: 0.9753086566925049
2024-08-01 13:07:32,528 - root - INFO - Epoch 82; loss: 2.9955978393554688; CER: 0.20663899183273315; WER: 0.6376210451126099; val_loss: 14.737665176391602; val_CER: 0.7283950448036194; val_WER: 1.0
2024-08-01 13:07:40,887 - root - INFO - Epoch 83; loss: 2.881664991378784; CER: 0.1897648572921753; WER: 0.5905947685241699; val_loss: 9.918545722961426; val_CER: 0.63456791639328; val_WER: 0.9876543283462524
2024-08-01 13:07:49,163 - root - INFO - Epoch 84; loss: 2.8919382095336914; CER: 0.2011064887046814; WER: 0.6099585294723511; val_loss: 6.404393672943115; val_CER: 0.5629630088806152; val_WER: 1.0
2024-08-01 13:07:57,499 - root - INFO - Epoch 85; loss: 2.6815407276153564; CER: 0.17731672525405884; WER: 0.5726141333580017; val_loss: 10.565655708312988; val_CER: 0.5876542925834656; val_WER: 1.0
2024-08-01 13:08:06,106 - root - INFO - Epoch 86; loss: 2.5221526622772217; CER: 0.1690179854631424; WER: 0.5739972591400146; val_loss: 13.707108497619629; val_CER: 0.6740740537643433; val_WER: 1.0
2024-08-01 13:08:14,398 - root - INFO - Epoch 87; loss: 2.505035400390625; CER: 0.16929462552070618; WER: 0.565698504447937; val_loss: 6.001308917999268; val_CER: 0.5061728358268738; val_WER: 0.9876543283462524
2024-08-01 13:08:22,746 - root - INFO - Epoch 88; loss: 2.0929131507873535; CER: 0.13167360424995422; WER: 0.46887966990470886; val_loss: 9.067791938781738; val_CER: 0.6765432357788086; val_WER: 1.0
2024-08-01 13:08:31,468 - root - INFO - Epoch 89; loss: 2.299602746963501; CER: 0.1482710987329483; WER: 0.49239280819892883; val_loss: 8.832688331604004; val_CER: 0.6074073910713196; val_WER: 1.0
2024-08-01 13:08:39,820 - root - INFO - Epoch 90; loss: 1.9890012741088867; CER: 0.12282156944274902; WER: 0.4315352737903595; val_loss: 9.647500038146973; val_CER: 0.624691367149353; val_WER: 1.0
2024-08-01 13:08:48,147 - root - INFO - Epoch 91; loss: 2.057497501373291; CER: 0.12724758684635162; WER: 0.45504841208457947; val_loss: 6.627713203430176; val_CER: 0.5061728358268738; val_WER: 1.0
2024-08-01 13:08:56,261 - root - INFO - Epoch 92; loss: 1.8641985654830933; CER: 0.11258644610643387; WER: 0.396957129240036; val_loss: 11.273991584777832; val_CER: 0.575308620929718; val_WER: 1.0
2024-08-01 13:09:04,753 - root - INFO - Epoch 93; loss: 1.8807077407836914; CER: 0.11009680479764938; WER: 0.40248963236808777; val_loss: 7.5942463874816895; val_CER: 0.5506172776222229; val_WER: 0.9876543283462524
2024-08-01 13:09:13,916 - root - INFO - Epoch 94; loss: 1.706501841545105; CER: 0.10622406750917435; WER: 0.3831258714199066; val_loss: 2.947420597076416; val_CER: 0.2518518567085266; val_WER: 0.7530864477157593
2024-08-01 13:09:23,435 - root - INFO - Epoch 95; loss: 1.800865650177002; CER: 0.11120332032442093; WER: 0.39142462611198425; val_loss: 1.3842045068740845; val_CER: 0.1061728447675705; val_WER: 0.43209877610206604
2024-08-01 13:09:32,012 - root - INFO - Epoch 96; loss: 1.5588122606277466; CER: 0.09211617708206177; WER: 0.34163209795951843; val_loss: 4.841691970825195; val_CER: 0.3481481671333313; val_WER: 0.8765432238578796
2024-08-01 13:09:40,371 - root - INFO - Epoch 97; loss: 1.6334818601608276; CER: 0.09709544479846954; WER: 0.34163209795951843; val_loss: 3.9031200408935547; val_CER: 0.28148147463798523; val_WER: 0.8518518805503845
2024-08-01 13:09:48,647 - root - INFO - Epoch 98; loss: 1.4458627700805664; CER: 0.08686031401157379; WER: 0.32088521122932434; val_loss: 3.8408210277557373; val_CER: 0.34074074029922485; val_WER: 0.8888888955116272
2024-08-01 13:09:57,137 - root - INFO - Epoch 99; loss: 1.3622194528579712; CER: 0.0777316689491272; WER: 0.2946058213710785; val_loss: 2.3685944080352783; val_CER: 0.18024690449237823; val_WER: 0.654321014881134
2024-08-01 13:10:06,399 - root - INFO - Epoch 100; loss: 1.28538179397583; CER: 0.07275242358446121; WER: 0.2849239408969879; val_loss: 2.596266269683838; val_CER: 0.20493827760219574; val_WER: 0.6913580298423767
2024-08-01 13:10:15,341 - root - INFO - Epoch 101; loss: 1.1837408542633057; CER: 0.06749654561281204; WER: 0.2627939283847809; val_loss: 0.7434671521186829; val_CER: 0.037037041038274765; val_WER: 0.17283950746059418
2024-08-01 13:10:23,714 - root - INFO - Epoch 102; loss: 1.1010429859161377; CER: 0.06141079217195511; WER: 0.2489626556634903; val_loss: 1.835040807723999; val_CER: 0.12839505076408386; val_WER: 0.5185185074806213
2024-08-01 13:10:32,172 - root - INFO - Epoch 103; loss: 1.0233826637268066; CER: 0.059474412351846695; WER: 0.25172892212867737; val_loss: 3.3295514583587646; val_CER: 0.2518518567085266; val_WER: 0.7530864477157593
2024-08-01 13:10:40,321 - root - INFO - Epoch 104; loss: 1.0082694292068481; CER: 0.0547717921435833; WER: 0.22268326580524445; val_loss: 3.270294189453125; val_CER: 0.28641974925994873; val_WER: 0.790123462677002
2024-08-01 13:10:48,679 - root - INFO - Epoch 105; loss: 1.0079448223114014; CER: 0.060857538133859634; WER: 0.23236514627933502; val_loss: 5.799989223480225; val_CER: 0.30617281794548035; val_WER: 0.8395061492919922
2024-08-01 13:10:56,971 - root - INFO - Epoch 106; loss: 0.9760969281196594; CER: 0.05864454433321953; WER: 0.23651452362537384; val_loss: 3.7197659015655518; val_CER: 0.24938271939754486; val_WER: 0.7530864477157593
2024-08-01 13:11:05,264 - root - INFO - Epoch 107; loss: 0.8736449480056763; CER: 0.04702628031373024; WER: 0.19778700172901154; val_loss: 2.0084943771362305; val_CER: 0.17530864477157593; val_WER: 0.6172839403152466
2024-08-01 13:11:13,712 - root - INFO - Epoch 108; loss: 0.874180018901825; CER: 0.04813278466463089; WER: 0.18810512125492096; val_loss: 1.0311596393585205; val_CER: 0.07901234179735184; val_WER: 0.3580246865749359
2024-08-01 13:11:22,075 - root - INFO - Epoch 109; loss: 0.8543106317520142; CER: 0.04453665390610695; WER: 0.18395574390888214; val_loss: 1.2651259899139404; val_CER: 0.10864197462797165; val_WER: 0.4197530746459961
2024-08-01 13:11:30,521 - root - INFO - Epoch 110; loss: 0.7735165357589722; CER: 0.04287690296769142; WER: 0.17980636656284332; val_loss: 1.3235918283462524; val_CER: 0.09135802090167999; val_WER: 0.395061731338501
2024-08-01 13:11:38,909 - root - INFO - Epoch 111; loss: 0.793384313583374; CER: 0.040940526872873306; WER: 0.164591982960701; val_loss: 2.239102840423584; val_CER: 0.17283950746059418; val_WER: 0.6790123581886292
2024-08-01 13:11:46,993 - root - INFO - Epoch 112; loss: 0.7177637219429016; CER: 0.04232364892959595; WER: 0.17842324078083038; val_loss: 0.9439864158630371; val_CER: 0.06419753283262253; val_WER: 0.29629629850387573
2024-08-01 13:11:55,604 - root - INFO - Epoch 113; loss: 0.7612395882606506; CER: 0.04149377718567848; WER: 0.1687413603067398; val_loss: 1.3642410039901733; val_CER: 0.1061728447675705; val_WER: 0.45679011940956116
2024-08-01 13:12:04,358 - root - INFO - Epoch 114; loss: 0.7522257566452026; CER: 0.04038727656006813; WER: 0.16597510874271393; val_loss: 1.02854323387146; val_CER: 0.08888888359069824; val_WER: 0.3580246865749359
2024-08-01 13:12:14,310 - root - INFO - Epoch 115; loss: 0.6653258800506592; CER: 0.04066390171647072; WER: 0.1618257313966751; val_loss: 0.21406009793281555; val_CER: 0.012345679104328156; val_WER: 0.06172839552164078
2024-08-01 13:12:22,741 - root - INFO - Epoch 116; loss: 0.715421736240387; CER: 0.04177040234208107; WER: 0.1756569892168045; val_loss: 0.23893623054027557; val_CER: 0.014814815483987331; val_WER: 0.07407407462596893
2024-08-01 13:12:31,291 - root - INFO - Epoch 117; loss: 0.5546289086341858; CER: 0.03015214577317238; WER: 0.12448132783174515; val_loss: 0.1675034612417221; val_CER: 0.012345679104328156; val_WER: 0.06172839552164078
2024-08-01 13:12:40,222 - root - INFO - Epoch 118; loss: 0.7593985795974731; CER: 0.04149377718567848; WER: 0.17842324078083038; val_loss: 0.3072910010814667; val_CER: 0.014814815483987331; val_WER: 0.07407407462596893
2024-08-01 13:12:50,075 - root - INFO - Epoch 119; loss: 0.5728215575218201; CER: 0.03264176845550537; WER: 0.1369294673204422; val_loss: 0.6353611350059509; val_CER: 0.03950617462396622; val_WER: 0.18518517911434174
2024-08-01 13:13:00,504 - root - INFO - Epoch 120; loss: 0.5942802429199219; CER: 0.030428769066929817; WER: 0.12863071262836456; val_loss: 0.3338905870914459; val_CER: 0.009876543655991554; val_WER: 0.04938271641731262
2024-08-01 13:13:10,434 - root - INFO - Epoch 121; loss: 0.6036783456802368; CER: 0.03374826908111572; WER: 0.14799447357654572; val_loss: 0.22460155189037323; val_CER: 0.017283950001001358; val_WER: 0.08641975373029709
2024-08-01 13:13:18,821 - root - INFO - Epoch 122; loss: 0.6522240042686462; CER: 0.034578148275613785; WER: 0.14246197044849396; val_loss: 0.6235978007316589; val_CER: 0.04444444552063942; val_WER: 0.20987653732299805
2024-08-01 13:13:27,730 - root - INFO - Epoch 123; loss: 0.520938515663147; CER: 0.03125864639878273; WER: 0.13278008997440338; val_loss: 0.908269464969635; val_CER: 0.07160493731498718; val_WER: 0.3333333432674408
2024-08-01 13:13:36,335 - root - INFO - Epoch 124; loss: 0.5789780616760254; CER: 0.033471643924713135; WER: 0.14246197044849396; val_loss: 0.5435014963150024; val_CER: 0.03950617462396622; val_WER: 0.1975308656692505
2024-08-01 13:13:44,936 - root - INFO - Epoch 125; loss: 0.6558470726013184; CER: 0.03955740109086037; WER: 0.1618257313966751; val_loss: 0.5527536273002625; val_CER: 0.04197530820965767; val_WER: 0.1975308656692505
2024-08-01 13:13:54,285 - root - INFO - Epoch 126; loss: 0.4776359796524048; CER: 0.025726139545440674; WER: 0.11618257313966751; val_loss: 0.4538174569606781; val_CER: 0.02469135820865631; val_WER: 0.12345679104328156
2024-08-01 13:14:02,753 - root - INFO - Epoch 127; loss: 0.4793368875980377; CER: 0.027939142659306526; WER: 0.12863071262836456; val_loss: 0.16076938807964325; val_CER: 0.009876543655991554; val_WER: 0.04938271641731262
2024-08-01 13:14:12,280 - root - INFO - Epoch 128; loss: 0.520902156829834; CER: 0.0273858942091465; WER: 0.11756569892168045; val_loss: 0.04973331093788147; val_CER: 0.0024691359139978886; val_WER: 0.012345679104328156
2024-08-01 13:14:22,483 - root - INFO - Epoch 129; loss: 0.45987847447395325; CER: 0.024066392332315445; WER: 0.11341632157564163; val_loss: 0.07252495735883713; val_CER: 0.0; val_WER: 0.0
2024-08-01 13:14:31,648 - root - INFO - Epoch 130; loss: 0.5017045140266418; CER: 0.02876901999115944; WER: 0.12586446106433868; val_loss: 0.07178185135126114; val_CER: 0.0; val_WER: 0.0
2024-08-01 13:14:41,112 - root - INFO - Epoch 131; loss: 0.4026317000389099; CER: 0.020470261573791504; WER: 0.09405256062746048; val_loss: 0.037980854511260986; val_CER: 0.0; val_WER: 0.0
2024-08-01 13:14:48,140 - root - INFO - Epoch 132; loss: 0.3976931869983673; CER: 0.019363760948181152; WER: 0.08852005749940872; val_loss: 0.03665905445814133; val_CER: 0.0; val_WER: 0.0
2024-08-01 13:14:55,554 - root - INFO - Epoch 133; loss: 0.37699466943740845; CER: 0.019917014986276627; WER: 0.0912863090634346; val_loss: 0.04070194810628891; val_CER: 0.0; val_WER: 0.0
2024-08-01 13:15:02,990 - root - INFO - Epoch 134; loss: 0.454048216342926; CER: 0.025726141408085823; WER: 0.11203319579362869; val_loss: 0.03606236353516579; val_CER: 0.0024691359139978886; val_WER: 0.012345679104328156
2024-08-01 13:15:11,732 - root - INFO - Epoch 135; loss: 0.38954034447669983; CER: 0.021300138905644417; WER: 0.09958506375551224; val_loss: 0.034788526594638824; val_CER: 0.0; val_WER: 0.0
2024-08-01 13:15:20,850 - root - INFO - Epoch 136; loss: 0.40985560417175293; CER: 0.021853389218449593; WER: 0.09266943484544754; val_loss: 0.05069446563720703; val_CER: 0.0024691359139978886; val_WER: 0.012345679104328156
2024-08-01 13:15:32,188 - root - INFO - Epoch 137; loss: 0.3925079107284546; CER: 0.02351314201951027; WER: 0.105117566883564; val_loss: 0.04794328287243843; val_CER: 0.0024691359139978886; val_WER: 0.012345679104328156
2024-08-01 13:15:41,978 - root - INFO - Epoch 138; loss: 0.45880088210105896; CER: 0.02378976345062256; WER: 0.10373444110155106; val_loss: 0.07181088626384735; val_CER: 0.0024691359139978886; val_WER: 0.012345679104328156
2024-08-01 13:15:52,675 - root - INFO - Epoch 139; loss: 0.3743591904640198; CER: 0.01964038796722889; WER: 0.08852005749940872; val_loss: 0.042042430490255356; val_CER: 0.0; val_WER: 0.0
2024-08-01 13:16:02,425 - root - INFO - Epoch 140; loss: 0.36149170994758606; CER: 0.019917014986276627; WER: 0.08713693171739578; val_loss: 0.060251809656620026; val_CER: 0.0024691359139978886; val_WER: 0.012345679104328156
2024-08-01 13:16:14,605 - root - INFO - Epoch 141; loss: 0.4430875778198242; CER: 0.02323651686310768; WER: 0.09405256062746048; val_loss: 0.03497382998466492; val_CER: 0.0; val_WER: 0.0
2024-08-01 13:16:25,500 - root - INFO - Epoch 142; loss: 0.3591670095920563; CER: 0.021576762199401855; WER: 0.10235131531953812; val_loss: 0.030540917068719864; val_CER: 0.0; val_WER: 0.0
2024-08-01 13:16:36,700 - root - INFO - Epoch 143; loss: 0.40743404626846313; CER: 0.021300137042999268; WER: 0.09543568640947342; val_loss: 0.05082172155380249; val_CER: 0.0024691359139978886; val_WER: 0.012345679104328156
2024-08-01 13:16:49,884 - root - INFO - Epoch 144; loss: 0.28002795577049255; CER: 0.013278008438646793; WER: 0.062240663915872574; val_loss: 0.037476714700460434; val_CER: 0.0; val_WER: 0.0
2024-08-01 13:17:04,348 - root - INFO - Epoch 145; loss: 0.25743746757507324; CER: 0.01383125875145197; WER: 0.06500691920518875; val_loss: 0.03608834370970726; val_CER: 0.0; val_WER: 0.0
2024-08-01 13:17:14,465 - root - INFO - Epoch 146; loss: 0.3502049744129181; CER: 0.017704010009765625; WER: 0.07330567389726639; val_loss: 0.02878616750240326; val_CER: 0.0; val_WER: 0.0
2024-08-01 13:17:25,421 - root - INFO - Epoch 147; loss: 0.312785267829895; CER: 0.018810514360666275; WER: 0.08852005749940872; val_loss: 0.032572295516729355; val_CER: 0.0; val_WER: 0.0
2024-08-01 13:17:35,903 - root - INFO - Epoch 148; loss: 0.3965975046157837; CER: 0.02102351374924183; WER: 0.09405256062746048; val_loss: 0.03129739314317703; val_CER: 0.0; val_WER: 0.0
2024-08-01 13:17:48,138 - root - INFO - Epoch 149; loss: 0.33279949426651; CER: 0.019087135791778564; WER: 0.08990318328142166; val_loss: 0.06359575688838959; val_CER: 0.0024691359139978886; val_WER: 0.012345679104328156
2024-08-01 13:18:00,910 - root - INFO - Epoch 150; loss: 0.3185468018054962; CER: 0.0182572603225708; WER: 0.0843706801533699; val_loss: 0.027867306023836136; val_CER: 0.0; val_WER: 0.0
2024-08-01 13:18:15,816 - root - INFO - Epoch 151; loss: 0.3100064694881439; CER: 0.01493776123970747; WER: 0.07192254811525345; val_loss: 0.017191138118505478; val_CER: 0.0; val_WER: 0.0
2024-08-01 13:18:29,938 - root - INFO - Epoch 152; loss: 0.29682621359825134; CER: 0.017427384853363037; WER: 0.07883817702531815; val_loss: 0.012932304292917252; val_CER: 0.0; val_WER: 0.0
2024-08-01 13:18:43,681 - root - INFO - Epoch 153; loss: 0.3300400674343109; CER: 0.019087137654423714; WER: 0.08298755437135696; val_loss: 0.021018749102950096; val_CER: 0.0; val_WER: 0.0
2024-08-01 13:18:58,845 - root - INFO - Epoch 154; loss: 0.2520028352737427; CER: 0.01300138421356678; WER: 0.059474412351846695; val_loss: 0.023059507831931114; val_CER: 0.0; val_WER: 0.0
2024-08-01 13:19:13,533 - root - INFO - Epoch 155; loss: 0.25373363494873047; CER: 0.013554633595049381; WER: 0.06500691920518875; val_loss: 0.021818386390805244; val_CER: 0.0024691359139978886; val_WER: 0.012345679104328156
2024-08-01 13:19:26,703 - root - INFO - Epoch 156; loss: 0.2850150167942047; CER: 0.01687413454055786; WER: 0.07330567389726639; val_loss: 0.031209774315357208; val_CER: 0.0024691359139978886; val_WER: 0.012345679104328156
2024-08-01 13:19:40,110 - root - INFO - Epoch 157; loss: 0.2647514045238495; CER: 0.01438450999557972; WER: 0.06639004498720169; val_loss: 0.025066621601581573; val_CER: 0.0024691359139978886; val_WER: 0.012345679104328156
2024-08-01 13:19:51,751 - root - INFO - Epoch 158; loss: 0.2892085313796997; CER: 0.01383125875145197; WER: 0.062240663915872574; val_loss: 0.024612391367554665; val_CER: 0.0024691359139978886; val_WER: 0.012345679104328156
2024-08-01 13:20:01,551 - root - INFO - Epoch 159; loss: 0.2430029958486557; CER: 0.012448133900761604; WER: 0.058091286569833755; val_loss: 0.01906602643430233; val_CER: 0.0024691359139978886; val_WER: 0.012345679104328156
2024-08-01 13:20:10,043 - root - INFO - Epoch 160; loss: 0.18427085876464844; CER: 0.010235131718218327; WER: 0.04979253187775612; val_loss: 0.01599692739546299; val_CER: 0.0; val_WER: 0.0
2024-08-01 13:20:18,956 - root - INFO - Epoch 161; loss: 0.20126371085643768; CER: 0.009405256249010563; WER: 0.0456431545317173; val_loss: 0.04103783518075943; val_CER: 0.0024691359139978886; val_WER: 0.012345679104328156
2024-08-01 13:20:29,463 - root - INFO - Epoch 162; loss: 0.26902449131011963; CER: 0.014107884839177132; WER: 0.06500691920518875; val_loss: 0.04435174539685249; val_CER: 0.0; val_WER: 0.0
2024-08-01 13:20:37,935 - root - INFO - Epoch 163; loss: 0.23110732436180115; CER: 0.012724758125841618; WER: 0.058091286569833755; val_loss: 0.017261479049921036; val_CER: 0.0; val_WER: 0.0
2024-08-01 13:20:46,706 - root - INFO - Epoch 164; loss: 0.23372890055179596; CER: 0.01161825843155384; WER: 0.05532503500580788; val_loss: 0.05888385325670242; val_CER: 0.0; val_WER: 0.0
2024-08-01 13:20:56,097 - root - INFO - Epoch 165; loss: 0.26296183466911316; CER: 0.013278007507324219; WER: 0.059474412351846695; val_loss: 0.01945355162024498; val_CER: 0.0; val_WER: 0.0
2024-08-01 13:21:11,357 - root - INFO - Epoch 166; loss: 0.3159446716308594; CER: 0.01853388547897339; WER: 0.08022130280733109; val_loss: 0.02035430632531643; val_CER: 0.0; val_WER: 0.0
2024-08-01 13:21:24,990 - root - INFO - Epoch 167; loss: 0.21862055361270905; CER: 0.014107883907854557; WER: 0.06777317076921463; val_loss: 0.025637956336140633; val_CER: 0.0; val_WER: 0.0
2024-08-01 13:21:40,234 - root - INFO - Epoch 168; loss: 0.21891750395298004; CER: 0.011065006256103516; WER: 0.04979253187775612; val_loss: 0.10636743158102036; val_CER: 0.007407407741993666; val_WER: 0.03703703731298447
2024-08-01 13:21:59,255 - root - INFO - Epoch 169; loss: 0.19445917010307312; CER: 0.010235132649540901; WER: 0.04840940609574318; val_loss: 0.028151828795671463; val_CER: 0.0; val_WER: 0.0
2024-08-01 13:22:16,227 - root - INFO - Epoch 170; loss: 0.20009207725524902; CER: 0.010235131718218327; WER: 0.04979253187775612; val_loss: 0.016667157411575317; val_CER: 0.0; val_WER: 0.0
2024-08-01 13:22:32,081 - root - INFO - Epoch 171; loss: 0.2247130572795868; CER: 0.013278008438646793; WER: 0.062240663915872574; val_loss: 0.01341839600354433; val_CER: 0.0; val_WER: 0.0
2024-08-01 13:22:43,506 - root - INFO - Epoch 172; loss: 0.20456919074058533; CER: 0.01383125875145197; WER: 0.059474412351846695; val_loss: 0.015107535757124424; val_CER: 0.0; val_WER: 0.0
2024-08-01 13:22:53,756 - root - INFO - Epoch 173; loss: 0.23334425687789917; CER: 0.011894882656633854; WER: 0.052558783441782; val_loss: 0.01150019746273756; val_CER: 0.0; val_WER: 0.0
2024-08-01 13:23:03,902 - root - INFO - Epoch 174; loss: 0.2133513242006302; CER: 0.011341631412506104; WER: 0.052558783441782; val_loss: 0.010159977711737156; val_CER: 0.0; val_WER: 0.0
2024-08-01 13:23:14,384 - root - INFO - Epoch 175; loss: 0.22387628257274628; CER: 0.01106500718742609; WER: 0.05394190922379494; val_loss: 0.011347800493240356; val_CER: 0.0; val_WER: 0.0
2024-08-01 13:23:27,384 - root - INFO - Epoch 176; loss: 0.19048303365707397; CER: 0.009128631092607975; WER: 0.04426002874970436; val_loss: 0.012739239260554314; val_CER: 0.0; val_WER: 0.0
2024-08-01 13:23:43,709 - root - INFO - Epoch 177; loss: 0.20939964056015015; CER: 0.010511756874620914; WER: 0.04840940609574318; val_loss: 0.009443382732570171; val_CER: 0.0; val_WER: 0.0
2024-08-01 13:24:00,397 - root - INFO - Epoch 178; loss: 0.21238218247890472; CER: 0.010235130786895752; WER: 0.04840940609574318; val_loss: 0.009547763504087925; val_CER: 0.0; val_WER: 0.0
2024-08-01 13:24:12,925 - root - INFO - Epoch 179; loss: 0.21382680535316467; CER: 0.008852005004882812; WER: 0.04426002874970436; val_loss: 0.009254326112568378; val_CER: 0.0; val_WER: 0.0
2024-08-01 13:24:17,177 - tf2onnx.tfonnx - INFO - Using tensorflow=2.10.0, onnx=1.12.0, tf2onnx=1.14.0/8f8d49
2024-08-01 13:24:17,178 - tf2onnx.tfonnx - INFO - Using opset <onnx, 15>
2024-08-01 13:24:17,396 - tf2onnx.tf_utils - INFO - Computed 0 values for constant folding
2024-08-01 13:24:17,404 - tf2onnx.tf_utils - INFO - Computed 0 values for constant folding
2024-08-01 13:24:17,420 - tf2onnx.tf_utils - INFO - Computed 0 values for constant folding
2024-08-01 13:24:17,433 - tf2onnx.tf_utils - INFO - Computed 0 values for constant folding
2024-08-01 13:24:17,517 - tf2onnx.tf_utils - INFO - Computed 2 values for constant folding
2024-08-01 13:24:17,711 - tf2onnx.tfonnx - INFO - folding node using tf type=StridedSlice, name=model/bidirectional/forward_lstm/PartitionedCall/strided_slice
2024-08-01 13:24:17,711 - tf2onnx.tfonnx - INFO - folding node using tf type=StridedSlice, name=model/bidirectional/backward_lstm/PartitionedCall/strided_slice
2024-08-01 13:24:18,045 - tf2onnx.optimizer - INFO - Optimizing ONNX model
2024-08-01 13:24:19,372 - tf2onnx.optimizer - INFO - After optimization: BatchNormalization -18 (18->0), Cast -4 (11->7), Concat -4 (10->6), Const -128 (194->66), Expand -3 (4->1), Gather +2 (2->4), Identity -2 (2->0), Shape -1 (4->3), Slice -1 (5->4), Squeeze -3 (5->2), Transpose -83 (87->4), Unsqueeze -14 (17->3)
